2026-01-24T09:51:12.4758973Z,Updating submodules.,3238ada8-b9ae-4c6a-9a51-25f7d192e364,0
2026-01-24T09:51:13.7785506Z,Preparing deployment for commit id '3f94b144-4'.,9ddc33d2-2ce2-4c7e-8e06-3bf259e1cbf4,0
2026-01-24T09:51:14.0977713Z,PreDeployment: context.CleanOutputPath False,ba92b092-58ba-4527-bba0-327de4ac850d,0
2026-01-24T09:51:14.2197600Z,PreDeployment: context.OutputPath /home/site/wwwroot,788968f9-227a-4272-b365-c917f0affb02,0
2026-01-24T09:51:14.3575043Z,Repository path is /tmp/zipdeploy/extracted,bf64418f-e721-4978-82ef-82fe2f32288c,0
2026-01-24T09:51:14.4772392Z,Running oryx build...,9cbba2e7-d4be-4a27-9f34-b71b682a7243,0
	2026-01-24T09:51:14.5022355Z,Command: oryx build /tmp/zipdeploy/extracted -o /home/site/wwwroot --platform python --platform-version 3.12 -p virtualenv_name=antenv --log-file /tmp/build-debug.log  -i /tmp/8de5b2e1c93292b --compress-destination-dir | tee /tmp/oryx-build.log,,0
	2026-01-24T09:51:16.5050138Z,Operation performed by Microsoft Oryx&comma; https://github.com/Microsoft/Oryx,,0
	2026-01-24T09:51:16.5954149Z,You can report issues at https://github.com/Microsoft/Oryx/issues,,0
	2026-01-24T09:51:16.6358280Z,,,0
	2026-01-24T09:51:16.6580990Z,Oryx Version: 0.2.20251022.1+bef98bc7139feefaa74be16de9d835e2c85385d4&comma; Commit: bef98bc7139feefaa74be16de9d835e2c85385d4&comma; ReleaseTagName: 20251022.1,,0
	2026-01-24T09:51:16.6783264Z,,,0
	2026-01-24T09:51:16.7368896Z,Build Operation ID: c2d3191883e025a7,,0
	2026-01-24T09:51:16.7782718Z,Repository Commit : 3f94b144-4fed-4ea0-ad9c-f18b4712dc14,,0
	2026-01-24T09:51:16.8393269Z,OS Type           : bullseye,,0
	2026-01-24T09:51:16.8982461Z,Image Type        : githubactions,,0
	2026-01-24T09:51:16.9499333Z,,,0
	2026-01-24T09:51:17.0075341Z,Primary SDK Storage URL: https://oryx-cdn.microsoft.io,,0
	2026-01-24T09:51:17.0381263Z,Backup SDK Storage URL: ,,0
	2026-01-24T09:51:17.0812707Z,Detecting platforms...,,0
	2026-01-24T09:51:17.1092235Z,External SDK provider is enabled.,,0
	2026-01-24T09:51:17.1490060Z,Requesting metadata for platform python from external SDK provider,,0
	2026-01-24T09:51:20.0983904Z,Requesting metadata for platform python from external SDK provider,,0
	2026-01-24T09:51:21.6734729Z,Detected following platforms:,,0
	2026-01-24T09:51:21.7306068Z,  python: 3.12.12,,0
	2026-01-24T09:51:22.2754118Z,,,0
	2026-01-24T09:51:22.3748776Z,Using intermediate directory '/tmp/8de5b2e1c93292b'.,,0
	2026-01-24T09:51:22.4086500Z,,,0
	2026-01-24T09:51:22.4295841Z,Copying files to the intermediate directory...,,0
	2026-01-24T09:51:22.5004028Z,Done in 0 sec(s).,,0
	2026-01-24T09:51:22.5488972Z,,,0
	2026-01-24T09:51:22.5903661Z,Source directory     : /tmp/8de5b2e1c93292b,,0
	2026-01-24T09:51:22.6678673Z,Destination directory: /home/site/wwwroot,,0
	2026-01-24T09:51:22.7188675Z,,,0
	2026-01-24T09:51:23.6837044Z,Python Version: /tmp/oryx/platforms/python/3.12.12/bin/python3.12,,0
	2026-01-24T09:51:23.7562472Z,Creating directory for command manifest file if it does not exist,,0
	2026-01-24T09:51:23.8861816Z,Removing existing manifest file,,0
	2026-01-24T09:51:23.9973379Z,Python Virtual Environment: antenv,,0
	2026-01-24T09:51:24.0463994Z,Creating virtual environment...,,0
	2026-01-24T09:51:24.1277403Z,Executing: /tmp/oryx/platforms/python/3.12.12/bin/python3.12 -m venv antenv --copies --system-site-packages,,0
	2026-01-24T09:51:42.0090495Z,Activating virtual environment...,,0
	2026-01-24T09:51:42.1099875Z,Running pip install...,,0
	2026-01-24T09:53:07.2706843Z,[09:51:45+0000] Collecting fastapi==0.115.6 (from -r requirements.txt (line 2)),,0
	2026-01-24T09:53:07.3686485Z,[09:51:45+0000]   Using cached fastapi-0.115.6-py3-none-any.whl.metadata (27 kB),,0
	2026-01-24T09:53:07.4673821Z,[09:51:45+0000] Collecting uvicorn==0.34.0 (from uvicorn[standard]==0.34.0->-r requirements.txt (line 3)),,0
	2026-01-24T09:53:07.5682946Z,[09:51:45+0000]   Using cached uvicorn-0.34.0-py3-none-any.whl.metadata (6.5 kB),,0
	2026-01-24T09:53:07.6697556Z,[09:51:45+0000] Collecting gunicorn==23.0.0 (from -r requirements.txt (line 4)),,0
	2026-01-24T09:53:07.8321399Z,[09:51:45+0000]   Using cached gunicorn-23.0.0-py3-none-any.whl.metadata (4.4 kB),,0
	2026-01-24T09:53:08.0014678Z,[09:51:45+0000] Collecting python-multipart==0.0.20 (from -r requirements.txt (line 5)),,0
	2026-01-24T09:53:08.0738040Z,[09:51:45+0000]   Using cached python_multipart-0.0.20-py3-none-any.whl.metadata (1.8 kB),,0
	2026-01-24T09:53:08.1522691Z,[09:51:47+0000] Collecting sqlalchemy==2.0.36 (from -r requirements.txt (line 8)),,0
	2026-01-24T09:53:08.2247242Z,[09:51:47+0000]   Using cached SQLAlchemy-2.0.36-cp312-cp312-manylinux_2_17_x86_64.manylinux2014_x86_64.whl.metadata (9.7 kB),,0
	2026-01-24T09:53:08.3148429Z,[09:51:48+0000] Collecting pymssql==2.3.2 (from -r requirements.txt (line 9)),,0
	2026-01-24T09:53:08.4653174Z,[09:51:48+0000]   Using cached pymssql-2.3.2-cp312-cp312-manylinux_2_28_x86_64.whl.metadata (4.7 kB),,0
	2026-01-24T09:53:08.5957179Z,[09:51:48+0000] Collecting python-jose==3.3.0 (from python-jose[cryptography]==3.3.0->-r requirements.txt (line 12)),,0
	2026-01-24T09:53:08.7073584Z,[09:51:48+0000]   Using cached python_jose-3.3.0-py2.py3-none-any.whl.metadata (5.4 kB),,0
	2026-01-24T09:53:08.7780365Z,[09:51:48+0000] Collecting passlib==1.7.4 (from passlib[bcrypt]==1.7.4->-r requirements.txt (line 13)),,0
	2026-01-24T09:53:08.8571016Z,[09:51:48+0000]   Using cached passlib-1.7.4-py2.py3-none-any.whl.metadata (1.7 kB),,0
	2026-01-24T09:53:08.9481228Z,[09:51:48+0000] Collecting bcrypt==4.2.1 (from -r requirements.txt (line 14)),,0
	2026-01-24T09:53:09.0397710Z,[09:51:48+0000]   Using cached bcrypt-4.2.1-cp39-abi3-manylinux_2_28_x86_64.whl.metadata (9.8 kB),,0
	2026-01-24T09:53:09.1394154Z,[09:51:49+0000] Collecting pyotp==2.9.0 (from -r requirements.txt (line 15)),,0
	2026-01-24T09:53:09.2297033Z,[09:51:49+0000]   Using cached pyotp-2.9.0-py3-none-any.whl.metadata (9.8 kB),,0
	2026-01-24T09:53:09.2919731Z,[09:51:49+0000] Collecting qrcode==7.4.2 (from qrcode[pil]==7.4.2->-r requirements.txt (line 16)),,0
	2026-01-24T09:53:09.4201606Z,[09:51:49+0000]   Using cached qrcode-7.4.2-py3-none-any.whl.metadata (17 kB),,0
	2026-01-24T09:53:09.6321601Z,[09:51:49+0000] Collecting pydantic==2.10.4 (from -r requirements.txt (line 19)),,0
	2026-01-24T09:53:09.7925578Z,[09:51:49+0000]   Using cached pydantic-2.10.4-py3-none-any.whl.metadata (29 kB),,0
	2026-01-24T09:53:09.8742637Z,[09:51:49+0000] Collecting pydantic-settings==2.7.0 (from -r requirements.txt (line 20)),,0
	2026-01-24T09:53:09.9550073Z,[09:51:49+0000]   Using cached pydantic_settings-2.7.0-py3-none-any.whl.metadata (3.5 kB),,0
	2026-01-24T09:53:10.0368005Z,[09:51:49+0000] Collecting email-validator==2.2.0 (from -r requirements.txt (line 21)),,0
	2026-01-24T09:53:10.0955514Z,[09:51:49+0000]   Using cached email_validator-2.2.0-py3-none-any.whl.metadata (25 kB),,0
	2026-01-24T09:53:10.1463364Z,[09:51:49+0000] Collecting python-dotenv==1.0.1 (from -r requirements.txt (line 24)),,0
	2026-01-24T09:53:10.1862268Z,[09:51:49+0000]   Using cached python_dotenv-1.0.1-py3-none-any.whl.metadata (23 kB),,0
	2026-01-24T09:53:10.2562695Z,[09:51:49+0000] Collecting httpx==0.27.0 (from -r requirements.txt (line 25)),,0
	2026-01-24T09:53:10.3072677Z,[09:51:49+0000]   Using cached httpx-0.27.0-py3-none-any.whl.metadata (7.2 kB),,0
	2026-01-24T09:53:10.3776093Z,[09:51:49+0000] Collecting starlette<0.42.0&comma;>=0.40.0 (from fastapi==0.115.6->-r requirements.txt (line 2)),,0
	2026-01-24T09:53:10.4272866Z,[09:51:50+0000]   Using cached starlette-0.41.3-py3-none-any.whl.metadata (6.0 kB),,0
	2026-01-24T09:53:10.4772406Z,[09:51:50+0000] Collecting typing-extensions>=4.8.0 (from fastapi==0.115.6->-r requirements.txt (line 2)),,0
	2026-01-24T09:53:10.5273940Z,[09:51:50+0000]   Using cached typing_extensions-4.15.0-py3-none-any.whl.metadata (3.3 kB),,0
	2026-01-24T09:53:10.5699345Z,[09:51:50+0000] Collecting click>=7.0 (from uvicorn==0.34.0->uvicorn[standard]==0.34.0->-r requirements.txt (line 3)),,0
	2026-01-24T09:53:10.5990067Z,[09:51:50+0000]   Using cached click-8.3.1-py3-none-any.whl.metadata (2.6 kB),,0
	2026-01-24T09:53:10.6277599Z,[09:51:51+0000] Collecting h11>=0.8 (from uvicorn==0.34.0->uvicorn[standard]==0.34.0->-r requirements.txt (line 3)),,0
	2026-01-24T09:53:10.6588422Z,[09:51:51+0000]   Using cached h11-0.16.0-py3-none-any.whl.metadata (8.3 kB),,0
	2026-01-24T09:53:10.6899525Z,[09:51:51+0000] Collecting packaging (from gunicorn==23.0.0->-r requirements.txt (line 4)),,0
	2026-01-24T09:53:10.7186340Z,[09:51:51+0000]   Using cached packaging-26.0-py3-none-any.whl.metadata (3.3 kB),,0
	2026-01-24T09:53:10.7411034Z,[09:51:51+0000] Collecting greenlet!=0.4.17 (from sqlalchemy==2.0.36->-r requirements.txt (line 8)),,0
	2026-01-24T09:53:10.7791151Z,[09:51:51+0000]   Using cached greenlet-3.3.1-cp312-cp312-manylinux_2_24_x86_64.manylinux_2_28_x86_64.whl.metadata (3.7 kB),,0
	2026-01-24T09:53:10.8128653Z,[09:51:51+0000] Collecting ecdsa!=0.15 (from python-jose==3.3.0->python-jose[cryptography]==3.3.0->-r requirements.txt (line 12)),,0
	2026-01-24T09:53:10.8607900Z,[09:51:51+0000]   Using cached ecdsa-0.19.1-py2.py3-none-any.whl.metadata (29 kB),,0
	2026-01-24T09:53:10.8896117Z,[09:51:51+0000] Collecting rsa (from python-jose==3.3.0->python-jose[cryptography]==3.3.0->-r requirements.txt (line 12)),,0
	2026-01-24T09:53:10.9411356Z,[09:51:52+0000]   Using cached rsa-4.9.1-py3-none-any.whl.metadata (5.6 kB),,0
	2026-01-24T09:53:10.9636796Z,[09:51:52+0000] Collecting pyasn1 (from python-jose==3.3.0->python-jose[cryptography]==3.3.0->-r requirements.txt (line 12)),,0
	2026-01-24T09:53:10.9903402Z,[09:51:52+0000]   Using cached pyasn1-0.6.2-py3-none-any.whl.metadata (8.4 kB),,0
	2026-01-24T09:53:11.0542867Z,[09:51:52+0000] Collecting pypng (from qrcode==7.4.2->qrcode[pil]==7.4.2->-r requirements.txt (line 16)),,0
	2026-01-24T09:53:11.1139537Z,[09:51:52+0000]   Using cached pypng-0.20220715.0-py3-none-any.whl.metadata (13 kB),,0
	2026-01-24T09:53:11.1817379Z,[09:51:52+0000] Collecting annotated-types>=0.6.0 (from pydantic==2.10.4->-r requirements.txt (line 19)),,0
	2026-01-24T09:53:11.2017643Z,[09:51:52+0000]   Using cached annotated_types-0.7.0-py3-none-any.whl.metadata (15 kB),,0
	2026-01-24T09:53:11.2619250Z,[09:51:58+0000] Collecting pydantic-core==2.27.2 (from pydantic==2.10.4->-r requirements.txt (line 19)),,0
	2026-01-24T09:53:11.2842702Z,[09:51:58+0000]   Using cached pydantic_core-2.27.2-cp312-cp312-manylinux_2_17_x86_64.manylinux2014_x86_64.whl.metadata (6.6 kB),,0
	2026-01-24T09:53:11.3224636Z,[09:51:58+0000] Collecting dnspython>=2.0.0 (from email-validator==2.2.0->-r requirements.txt (line 21)),,0
	2026-01-24T09:53:11.3624261Z,[09:51:58+0000]   Using cached dnspython-2.8.0-py3-none-any.whl.metadata (5.7 kB),,0
	2026-01-24T09:53:11.4052572Z,[09:51:58+0000] Collecting idna>=2.0.0 (from email-validator==2.2.0->-r requirements.txt (line 21)),,0
	2026-01-24T09:53:11.4346689Z,[09:51:58+0000]   Using cached idna-3.11-py3-none-any.whl.metadata (8.4 kB),,0
	2026-01-24T09:53:11.4640238Z,[09:51:58+0000] Collecting anyio (from httpx==0.27.0->-r requirements.txt (line 25)),,0
	2026-01-24T09:53:11.4932054Z,[09:51:58+0000]   Using cached anyio-4.12.1-py3-none-any.whl.metadata (4.3 kB),,0
	2026-01-24T09:53:11.5561877Z,[09:51:58+0000] Collecting certifi (from httpx==0.27.0->-r requirements.txt (line 25)),,0
	2026-01-24T09:53:11.6155079Z,[09:51:58+0000]   Using cached certifi-2026.1.4-py3-none-any.whl.metadata (2.5 kB),,0
	2026-01-24T09:53:11.6840962Z,[09:51:58+0000] Collecting httpcore==1.* (from httpx==0.27.0->-r requirements.txt (line 25)),,0
	2026-01-24T09:53:11.7161542Z,[09:51:58+0000]   Using cached httpcore-1.0.9-py3-none-any.whl.metadata (21 kB),,0
	2026-01-24T09:53:11.7643226Z,[09:51:59+0000] Collecting sniffio (from httpx==0.27.0->-r requirements.txt (line 25)),,0
	2026-01-24T09:53:11.8177798Z,[09:51:59+0000]   Using cached sniffio-1.3.1-py3-none-any.whl.metadata (3.9 kB),,0
	2026-01-24T09:53:11.8675486Z,[09:52:00+0000] Collecting cryptography>=3.4.0 (from python-jose[cryptography]==3.3.0->-r requirements.txt (line 12)),,0
	2026-01-24T09:53:11.9171212Z,[09:52:00+0000]   Using cached cryptography-46.0.3-cp311-abi3-manylinux_2_28_x86_64.whl.metadata (5.7 kB),,0
	2026-01-24T09:53:11.9469202Z,[09:52:04+0000] Collecting pillow>=9.1.0 (from qrcode[pil]==7.4.2->-r requirements.txt (line 16)),,0
	2026-01-24T09:53:11.9979924Z,[09:52:04+0000]   Using cached pillow-12.1.0-cp312-cp312-manylinux_2_27_x86_64.manylinux_2_28_x86_64.whl.metadata (8.8 kB),,0
	2026-01-24T09:53:12.0367008Z,[09:52:04+0000] Collecting httptools>=0.6.3 (from uvicorn[standard]==0.34.0->-r requirements.txt (line 3)),,0
	2026-01-24T09:53:12.0972785Z,[09:52:04+0000]   Using cached httptools-0.7.1-cp312-cp312-manylinux1_x86_64.manylinux_2_28_x86_64.manylinux_2_5_x86_64.whl.metadata (3.5 kB),,0
	2026-01-24T09:53:12.1272406Z,[09:52:05+0000] Collecting pyyaml>=5.1 (from uvicorn[standard]==0.34.0->-r requirements.txt (line 3)),,0
	2026-01-24T09:53:12.1896329Z,[09:52:05+0000]   Using cached pyyaml-6.0.3-cp312-cp312-manylinux2014_x86_64.manylinux_2_17_x86_64.manylinux_2_28_x86_64.whl.metadata (2.4 kB),,0
	2026-01-24T09:53:12.2281985Z,[09:52:05+0000] Collecting uvloop!=0.15.0&comma;!=0.15.1&comma;>=0.14.0 (from uvicorn[standard]==0.34.0->-r requirements.txt (line 3)),,0
	2026-01-24T09:53:12.3079102Z,[09:52:06+0000]   Using cached uvloop-0.22.1-cp312-cp312-manylinux2014_x86_64.manylinux_2_17_x86_64.manylinux_2_28_x86_64.whl.metadata (4.9 kB),,0
	2026-01-24T09:53:12.4291540Z,[09:52:07+0000] Collecting watchfiles>=0.13 (from uvicorn[standard]==0.34.0->-r requirements.txt (line 3)),,0
	2026-01-24T09:53:12.4494414Z,[09:52:07+0000]   Using cached watchfiles-1.1.1-cp312-cp312-manylinux_2_17_x86_64.manylinux2014_x86_64.whl.metadata (4.9 kB),,0
	2026-01-24T09:53:12.5202403Z,[09:52:08+0000] Collecting websockets>=10.4 (from uvicorn[standard]==0.34.0->-r requirements.txt (line 3)),,0
	2026-01-24T09:53:12.5605372Z,[09:52:08+0000]   Using cached websockets-16.0-cp312-cp312-manylinux1_x86_64.manylinux_2_28_x86_64.manylinux_2_5_x86_64.whl.metadata (6.8 kB),,0
	2026-01-24T09:53:12.6621838Z,[09:52:10+0000] Collecting cffi>=2.0.0 (from cryptography>=3.4.0->python-jose[cryptography]==3.3.0->-r requirements.txt (line 12)),,0
	2026-01-24T09:53:12.7121397Z,[09:52:10+0000]   Using cached cffi-2.0.0-cp312-cp312-manylinux2014_x86_64.manylinux_2_17_x86_64.whl.metadata (2.6 kB),,0
	2026-01-24T09:53:12.7333453Z,[09:52:10+0000] Collecting six>=1.9.0 (from ecdsa!=0.15->python-jose==3.3.0->python-jose[cryptography]==3.3.0->-r requirements.txt (line 12)),,0
	2026-01-24T09:53:12.8029876Z,[09:52:10+0000]   Using cached six-1.17.0-py2.py3-none-any.whl.metadata (1.7 kB),,0
	2026-01-24T09:53:12.8310834Z,[09:52:11+0000] Collecting pycparser (from cffi>=2.0.0->cryptography>=3.4.0->python-jose[cryptography]==3.3.0->-r requirements.txt (line 12)),,0
	2026-01-24T09:53:12.9234952Z,[09:52:11+0000]   Using cached pycparser-3.0-py3-none-any.whl.metadata (8.2 kB),,0
	2026-01-24T09:53:12.9639813Z,[09:52:11+0000] Using cached fastapi-0.115.6-py3-none-any.whl (94 kB),,0
	2026-01-24T09:53:12.9941045Z,[09:52:11+0000] Using cached uvicorn-0.34.0-py3-none-any.whl (62 kB),,0
	2026-01-24T09:53:13.0338637Z,[09:52:11+0000] Using cached gunicorn-23.0.0-py3-none-any.whl (85 kB),,0
	2026-01-24T09:53:13.0634736Z,[09:52:11+0000] Using cached python_multipart-0.0.20-py3-none-any.whl (24 kB),,0
	2026-01-24T09:53:13.0941190Z,[09:52:11+0000] Using cached SQLAlchemy-2.0.36-cp312-cp312-manylinux_2_17_x86_64.manylinux2014_x86_64.whl (3.2 MB),,0
	2026-01-24T09:53:13.1450863Z,[09:52:11+0000] Using cached pymssql-2.3.2-cp312-cp312-manylinux_2_28_x86_64.whl (4.7 MB),,0
	2026-01-24T09:53:13.1956295Z,[09:52:11+0000] Using cached python_jose-3.3.0-py2.py3-none-any.whl (33 kB),,0
	2026-01-24T09:53:13.2352254Z,[09:52:11+0000] Using cached passlib-1.7.4-py2.py3-none-any.whl (525 kB),,0
	2026-01-24T09:53:13.3363451Z,[09:52:11+0000] Using cached bcrypt-4.2.1-cp39-abi3-manylinux_2_28_x86_64.whl (278 kB),,0
	2026-01-24T09:53:13.3968617Z,[09:52:11+0000] Using cached pyotp-2.9.0-py3-none-any.whl (13 kB),,0
	2026-01-24T09:53:13.4870918Z,[09:52:11+0000] Using cached qrcode-7.4.2-py3-none-any.whl (46 kB),,0
	2026-01-24T09:53:13.6165812Z,[09:52:11+0000] Using cached pydantic-2.10.4-py3-none-any.whl (431 kB),,0
	2026-01-24T09:53:13.6561971Z,[09:52:11+0000] Using cached pydantic_settings-2.7.0-py3-none-any.whl (29 kB),,0
	2026-01-24T09:53:13.6863296Z,[09:52:11+0000] Using cached email_validator-2.2.0-py3-none-any.whl (33 kB),,0
	2026-01-24T09:53:13.7259915Z,[09:52:12+0000] Using cached python_dotenv-1.0.1-py3-none-any.whl (19 kB),,0
	2026-01-24T09:53:13.7807701Z,[09:52:12+0000] Using cached httpx-0.27.0-py3-none-any.whl (75 kB),,0
	2026-01-24T09:53:13.8093989Z,[09:52:12+0000] Using cached httpcore-1.0.9-py3-none-any.whl (78 kB),,0
	2026-01-24T09:53:13.8467300Z,[09:52:12+0000] Using cached pydantic_core-2.27.2-cp312-cp312-manylinux_2_17_x86_64.manylinux2014_x86_64.whl (2.0 MB),,0
	2026-01-24T09:53:13.8969596Z,[09:52:12+0000] Using cached annotated_types-0.7.0-py3-none-any.whl (13 kB),,0
	2026-01-24T09:53:13.9191827Z,[09:52:12+0000] Using cached click-8.3.1-py3-none-any.whl (108 kB),,0
	2026-01-24T09:53:13.9898656Z,[09:52:12+0000] Using cached cryptography-46.0.3-cp311-abi3-manylinux_2_28_x86_64.whl (4.5 MB),,0
	2026-01-24T09:53:14.0205846Z,[09:52:12+0000] Using cached dnspython-2.8.0-py3-none-any.whl (331 kB),,0
	2026-01-24T09:53:14.0595845Z,[09:52:12+0000] Using cached ecdsa-0.19.1-py2.py3-none-any.whl (150 kB),,0
	2026-01-24T09:53:14.0918424Z,[09:52:12+0000] Using cached greenlet-3.3.1-cp312-cp312-manylinux_2_24_x86_64.manylinux_2_28_x86_64.whl (609 kB),,0
	2026-01-24T09:53:14.1203556Z,[09:52:12+0000] Using cached h11-0.16.0-py3-none-any.whl (37 kB),,0
	2026-01-24T09:53:14.1717139Z,[09:52:12+0000] Using cached httptools-0.7.1-cp312-cp312-manylinux1_x86_64.manylinux_2_28_x86_64.manylinux_2_5_x86_64.whl (517 kB),,0
	2026-01-24T09:53:14.2207093Z,[09:52:12+0000] Using cached idna-3.11-py3-none-any.whl (71 kB),,0
	2026-01-24T09:53:14.2704401Z,[09:52:12+0000] Using cached pillow-12.1.0-cp312-cp312-manylinux_2_27_x86_64.manylinux_2_28_x86_64.whl (7.0 MB),,0
	2026-01-24T09:53:14.3126392Z,[09:52:13+0000] Using cached pyyaml-6.0.3-cp312-cp312-manylinux2014_x86_64.manylinux_2_17_x86_64.manylinux_2_28_x86_64.whl (807 kB),,0
	2026-01-24T09:53:14.3829303Z,[09:52:13+0000] Using cached starlette-0.41.3-py3-none-any.whl (73 kB),,0
	2026-01-24T09:53:14.4707073Z,[09:52:13+0000] Using cached anyio-4.12.1-py3-none-any.whl (113 kB),,0
	2026-01-24T09:53:14.5126951Z,[09:52:13+0000] Using cached typing_extensions-4.15.0-py3-none-any.whl (44 kB),,0
	2026-01-24T09:53:14.5713755Z,[09:52:13+0000] Using cached uvloop-0.22.1-cp312-cp312-manylinux2014_x86_64.manylinux_2_17_x86_64.manylinux_2_28_x86_64.whl (4.4 MB),,0
	2026-01-24T09:53:14.6013584Z,[09:52:13+0000] Using cached watchfiles-1.1.1-cp312-cp312-manylinux_2_17_x86_64.manylinux2014_x86_64.whl (456 kB),,0
	2026-01-24T09:53:14.6445573Z,[09:52:13+0000] Using cached websockets-16.0-cp312-cp312-manylinux1_x86_64.manylinux_2_28_x86_64.manylinux_2_5_x86_64.whl (184 kB),,0
	2026-01-24T09:53:14.7451935Z,[09:52:13+0000] Using cached certifi-2026.1.4-py3-none-any.whl (152 kB),,0
	2026-01-24T09:53:14.7637930Z,[09:52:13+0000] Using cached packaging-26.0-py3-none-any.whl (74 kB),,0
	2026-01-24T09:53:14.8047822Z,[09:52:14+0000] Using cached pyasn1-0.6.2-py3-none-any.whl (83 kB),,0
	2026-01-24T09:53:14.8440939Z,[09:52:14+0000] Using cached pypng-0.20220715.0-py3-none-any.whl (58 kB),,0
	2026-01-24T09:53:14.8667223Z,[09:52:14+0000] Using cached rsa-4.9.1-py3-none-any.whl (34 kB),,0
	2026-01-24T09:53:14.8951940Z,[09:52:14+0000] Using cached sniffio-1.3.1-py3-none-any.whl (10 kB),,0
	2026-01-24T09:53:14.9448493Z,[09:52:14+0000] Using cached cffi-2.0.0-cp312-cp312-manylinux2014_x86_64.manylinux_2_17_x86_64.whl (219 kB),,0
	2026-01-24T09:53:15.0142449Z,[09:52:14+0000] Using cached six-1.17.0-py2.py3-none-any.whl (11 kB),,0
	2026-01-24T09:53:15.0465150Z,[09:52:14+0000] Using cached pycparser-3.0-py3-none-any.whl (48 kB),,0
	2026-01-24T09:53:15.0969868Z,[09:52:17+0000] Installing collected packages: pypng&comma; pymssql&comma; passlib&comma; websockets&comma; uvloop&comma; typing-extensions&comma; sniffio&comma; six&comma; pyyaml&comma; python-multipart&comma; python-dotenv&comma; pyotp&comma; pycparser&comma; pyasn1&comma; pillow&comma; packaging&comma; idna&comma; httptools&comma; h11&comma; greenlet&comma; dnspython&comma; click&comma; certifi&comma; bcrypt&comma; annotated-types&comma; uvicorn&comma; sqlalchemy&comma; rsa&comma; qrcode&comma; pydantic-core&comma; httpcore&comma; gunicorn&comma; email-validator&comma; ecdsa&comma; cffi&comma; anyio&comma; watchfiles&comma; starlette&comma; python-jose&comma; pydantic&comma; httpx&comma; cryptography&comma; pydantic-settings&comma; fastapi,,0
	2026-01-24T09:53:15.1569174Z,[09:53:05+0000] Successfully installed annotated-types-0.7.0 anyio-4.12.1 bcrypt-4.2.1 certifi-2026.1.4 cffi-2.0.0 click-8.3.1 cryptography-46.0.3 dnspython-2.8.0 ecdsa-0.19.1 email-validator-2.2.0 fastapi-0.115.6 greenlet-3.3.1 gunicorn-23.0.0 h11-0.16.0 httpcore-1.0.9 httptools-0.7.1 httpx-0.27.0 idna-3.11 packaging-26.0 passlib-1.7.4 pillow-12.1.0 pyasn1-0.6.2 pycparser-3.0 pydantic-2.10.4 pydantic-core-2.27.2 pydantic-settings-2.7.0 pymssql-2.3.2 pyotp-2.9.0 pypng-0.20220715.0 python-dotenv-1.0.1 python-jose-3.3.0 python-multipart-0.0.20 pyyaml-6.0.3 qrcode-7.4.2 rsa-4.9.1 six-1.17.0 sniffio-1.3.1 sqlalchemy-2.0.36 starlette-0.41.3 typing-extensions-4.15.0 uvicorn-0.34.0 uvloop-0.22.1 watchfiles-1.1.1 websockets-16.0,,0
	2026-01-24T09:53:15.2863370Z,,,0
	2026-01-24T09:53:15.3682642Z,[notice] A new release of pip is available: 25.0.1 -> 25.3,,0
	2026-01-24T09:53:15.4472211Z,[notice] To update&comma; run: pip install --upgrade pip,,0
	2026-01-24T09:53:15.5274073Z,Not a vso image&comma; so not writing build commands,,0
	2026-01-24T09:53:15.5996352Z,Preparing output...,,0
	2026-01-24T09:53:15.6523404Z,,,0
	2026-01-24T09:53:15.6747356Z,Copying files to destination directory '/tmp/_preCompressedDestinationDir'...,,0
	2026-01-24T09:53:19.9326811Z,Done in 9 sec(s).,,0
	2026-01-24T09:53:20.0058482Z,Compressing content of directory '/tmp/_preCompressedDestinationDir'...,,0
	2026-01-24T09:53:55.1872497Z,Copied the compressed output to '/home/site/wwwroot',,0
	2026-01-24T09:53:55.2388014Z,,,0
	2026-01-24T09:53:55.2732478Z,Removing existing manifest file,,0
	2026-01-24T09:53:55.2977672Z,Creating a manifest file...,,0
	2026-01-24T09:53:55.3381267Z,Manifest file created.,,0
	2026-01-24T09:53:55.3898875Z,Copying .ostype to manifest output directory.,,0
	2026-01-24T09:53:55.4103841Z,,,0
	2026-01-24T09:53:55.4263053Z,Done in 153 sec(s).,,0
2026-01-24T09:53:56.5959128Z,Running post deployment command(s)...,da49c39a-0309-4df4-8810-793bcc92c66d,0
2026-01-24T09:53:56.8888632Z,,c7b3fa9b-3cce-49f9-b623-91f74c33279b,0
2026-01-24T09:53:57.1200303Z,Generating summary of Oryx build,f4088f08-c9dc-4430-81be-eba6bba42d23,0
2026-01-24T09:53:57.4097685Z,Parsing the build logs,509a976a-094b-4a8d-8e14-0c4b42085cca,0
2026-01-24T09:53:57.7137383Z,Found 0 issue(s),b489dbbc-a18a-41ce-a2bf-4db970122198,0
2026-01-24T09:53:57.9294987Z,,a5fa98a8-d2bf-4957-ac73-e5630a6d8b34,0
2026-01-24T09:53:58.0833058Z,Build Summary :,5ed3f7d5-326f-4634-b50f-2df6b32ab75a,0
2026-01-24T09:53:58.2304158Z,===============,f7899863-b29e-4edb-aa3c-482180179c2f,0
2026-01-24T09:53:58.3761398Z,Errors (0),e3769e6c-198c-4271-a190-20605554958e,0
2026-01-24T09:53:58.4984489Z,Warnings (0),081492e6-5e26-4f50-980a-337f6fe9ab65,0
2026-01-24T09:53:58.6302926Z,,94fb692a-c43c-4722-bf03-32c89eeb719f,0
2026-01-24T09:53:58.8024805Z,Triggering container recycle for OneDeploy by adding/updating restartTrigger.txt to the site root path,a4b20014-73fe-4553-96a4-c3607b22104e,0
2026-01-24T09:53:59.0199476Z,Deployment successful. deployer = OneDeploy deploymentPath = OneDeploy,660b10ee-296d-4f57-b4dc-fb4f39a23e10,0
