2026-01-24T07:33:12.5936214Z,Updating submodules.,83f6c17d-2fc0-42b1-b5b8-fd280015cd52,0
2026-01-24T07:33:13.8074108Z,Preparing deployment for commit id 'de461dad-b'.,7f2ab363-09f2-4bf6-9a0a-4a3f834fd567,0
2026-01-24T07:33:14.2097012Z,PreDeployment: context.CleanOutputPath False,e94ffc40-9436-4ccd-a9c3-44d7e1e95aa4,0
2026-01-24T07:33:14.3666261Z,PreDeployment: context.OutputPath /home/site/wwwroot,9434565b-5be8-42b6-a80c-91e9b2ba8004,0
2026-01-24T07:33:14.5534463Z,Repository path is /tmp/zipdeploy/extracted,a5c40ec0-0cd6-451e-aced-ed4e663be8ce,0
2026-01-24T07:33:14.7035799Z,Running oryx build...,d5285f8f-9367-409b-ad7e-049fef34bef6,0
	2026-01-24T07:33:14.7436233Z,Command: oryx build /tmp/zipdeploy/extracted -o /home/site/wwwroot --platform python --platform-version 3.12 -p virtualenv_name=antenv --log-file /tmp/build-debug.log  -i /tmp/8de5b1ad55c05aa --compress-destination-dir | tee /tmp/oryx-build.log,,0
	2026-01-24T07:33:16.6333176Z,Operation performed by Microsoft Oryx&comma; https://github.com/Microsoft/Oryx,,0
	2026-01-24T07:33:16.7952422Z,You can report issues at https://github.com/Microsoft/Oryx/issues,,0
	2026-01-24T07:33:16.8427163Z,,,0
	2026-01-24T07:33:16.8644979Z,Oryx Version: 0.2.20251022.1+bef98bc7139feefaa74be16de9d835e2c85385d4&comma; Commit: bef98bc7139feefaa74be16de9d835e2c85385d4&comma; ReleaseTagName: 20251022.1,,0
	2026-01-24T07:33:16.9366166Z,,,0
	2026-01-24T07:33:16.9839246Z,Build Operation ID: bd635c85ccf5c9e1,,0
	2026-01-24T07:33:17.1055314Z,Repository Commit : de461dad-b91d-4445-a097-bd6345639669,,0
	2026-01-24T07:33:17.2079595Z,OS Type           : bullseye,,0
	2026-01-24T07:33:17.2582790Z,Image Type        : githubactions,,0
	2026-01-24T07:33:17.2807213Z,,,0
	2026-01-24T07:33:17.2949992Z,Primary SDK Storage URL: https://oryx-cdn.microsoft.io,,0
	2026-01-24T07:33:17.3275492Z,Backup SDK Storage URL: ,,0
	2026-01-24T07:33:17.3538580Z,Detecting platforms...,,0
	2026-01-24T07:33:17.3733709Z,External SDK provider is enabled.,,0
	2026-01-24T07:33:17.3934935Z,Requesting metadata for platform python from external SDK provider,,0
	2026-01-24T07:33:18.7939432Z,Requesting metadata for platform python from external SDK provider,,0
	2026-01-24T07:33:19.4259729Z,Detected following platforms:,,0
	2026-01-24T07:33:19.4963531Z,  python: 3.12.12,,0
	2026-01-24T07:33:19.8913353Z,,,0
	2026-01-24T07:33:20.0212763Z,Using intermediate directory '/tmp/8de5b1ad55c05aa'.,,0
	2026-01-24T07:33:20.1105917Z,,,0
	2026-01-24T07:33:20.1325617Z,Copying files to the intermediate directory...,,0
	2026-01-24T07:33:20.2104283Z,Done in 0 sec(s).,,0
	2026-01-24T07:33:20.2835106Z,,,0
	2026-01-24T07:33:20.3610799Z,Source directory     : /tmp/8de5b1ad55c05aa,,0
	2026-01-24T07:33:20.4329778Z,Destination directory: /home/site/wwwroot,,0
	2026-01-24T07:33:20.5019333Z,,,0
	2026-01-24T07:33:20.7835603Z,Python Version: /tmp/oryx/platforms/python/3.12.12/bin/python3.12,,0
	2026-01-24T07:33:20.8858404Z,Creating directory for command manifest file if it does not exist,,0
	2026-01-24T07:33:20.9574113Z,Removing existing manifest file,,0
	2026-01-24T07:33:21.0661404Z,Python Virtual Environment: antenv,,0
	2026-01-24T07:33:21.1381956Z,Creating virtual environment...,,0
	2026-01-24T07:33:21.1890345Z,Executing: /tmp/oryx/platforms/python/3.12.12/bin/python3.12 -m venv antenv --copies --system-site-packages,,0
	2026-01-24T07:33:32.8001090Z,Activating virtual environment...,,0
	2026-01-24T07:33:32.8852440Z,Running pip install...,,0
	2026-01-24T07:34:17.4859775Z,[07:33:35+0000] Collecting fastapi==0.115.6 (from -r requirements.txt (line 2)),,0
	2026-01-24T07:34:17.5832433Z,[07:33:35+0000]   Using cached fastapi-0.115.6-py3-none-any.whl.metadata (27 kB),,0
	2026-01-24T07:34:17.6438894Z,[07:33:35+0000] Collecting uvicorn==0.34.0 (from uvicorn[standard]==0.34.0->-r requirements.txt (line 3)),,0
	2026-01-24T07:34:17.7037559Z,[07:33:35+0000]   Using cached uvicorn-0.34.0-py3-none-any.whl.metadata (6.5 kB),,0
	2026-01-24T07:34:17.7544836Z,[07:33:35+0000] Collecting gunicorn==23.0.0 (from -r requirements.txt (line 4)),,0
	2026-01-24T07:34:17.8020256Z,[07:33:35+0000]   Using cached gunicorn-23.0.0-py3-none-any.whl.metadata (4.4 kB),,0
	2026-01-24T07:34:17.8622538Z,[07:33:35+0000] Collecting python-multipart==0.0.20 (from -r requirements.txt (line 5)),,0
	2026-01-24T07:34:17.9452898Z,[07:33:35+0000]   Using cached python_multipart-0.0.20-py3-none-any.whl.metadata (1.8 kB),,0
	2026-01-24T07:34:17.9961678Z,[07:33:36+0000] Collecting sqlalchemy==2.0.36 (from -r requirements.txt (line 8)),,0
	2026-01-24T07:34:18.0672556Z,[07:33:36+0000]   Using cached SQLAlchemy-2.0.36-cp312-cp312-manylinux_2_17_x86_64.manylinux2014_x86_64.whl.metadata (9.7 kB),,0
	2026-01-24T07:34:18.1188927Z,[07:33:37+0000] Collecting pymssql==2.3.2 (from -r requirements.txt (line 9)),,0
	2026-01-24T07:34:18.1967544Z,[07:33:37+0000]   Using cached pymssql-2.3.2-cp312-cp312-manylinux_2_28_x86_64.whl.metadata (4.7 kB),,0
	2026-01-24T07:34:18.2666897Z,[07:33:37+0000] Collecting python-jose==3.3.0 (from python-jose[cryptography]==3.3.0->-r requirements.txt (line 12)),,0
	2026-01-24T07:34:18.3086702Z,[07:33:37+0000]   Using cached python_jose-3.3.0-py2.py3-none-any.whl.metadata (5.4 kB),,0
	2026-01-24T07:34:18.4296980Z,[07:33:37+0000] Collecting passlib==1.7.4 (from passlib[bcrypt]==1.7.4->-r requirements.txt (line 13)),,0
	2026-01-24T07:34:18.5198368Z,[07:33:37+0000]   Using cached passlib-1.7.4-py2.py3-none-any.whl.metadata (1.7 kB),,0
	2026-01-24T07:34:18.6493348Z,[07:33:37+0000] Collecting bcrypt==4.2.1 (from -r requirements.txt (line 14)),,0
	2026-01-24T07:34:18.7106918Z,[07:33:37+0000]   Using cached bcrypt-4.2.1-cp39-abi3-manylinux_2_28_x86_64.whl.metadata (9.8 kB),,0
	2026-01-24T07:34:18.7894146Z,[07:33:37+0000] Collecting pydantic==2.10.4 (from -r requirements.txt (line 17)),,0
	2026-01-24T07:34:18.8729197Z,[07:33:37+0000]   Using cached pydantic-2.10.4-py3-none-any.whl.metadata (29 kB),,0
	2026-01-24T07:34:18.9012641Z,[07:33:37+0000] Collecting pydantic-settings==2.7.0 (from -r requirements.txt (line 18)),,0
	2026-01-24T07:34:18.9308141Z,[07:33:37+0000]   Using cached pydantic_settings-2.7.0-py3-none-any.whl.metadata (3.5 kB),,0
	2026-01-24T07:34:18.9570882Z,[07:33:37+0000] Collecting email-validator==2.2.0 (from -r requirements.txt (line 19)),,0
	2026-01-24T07:34:18.9915565Z,[07:33:37+0000]   Using cached email_validator-2.2.0-py3-none-any.whl.metadata (25 kB),,0
	2026-01-24T07:34:19.0716687Z,[07:33:37+0000] Collecting python-dotenv==1.0.1 (from -r requirements.txt (line 22)),,0
	2026-01-24T07:34:19.1160900Z,[07:33:37+0000]   Using cached python_dotenv-1.0.1-py3-none-any.whl.metadata (23 kB),,0
	2026-01-24T07:34:19.1742987Z,[07:33:37+0000] Collecting httpx==0.27.0 (from -r requirements.txt (line 23)),,0
	2026-01-24T07:34:19.2151009Z,[07:33:37+0000]   Using cached httpx-0.27.0-py3-none-any.whl.metadata (7.2 kB),,0
	2026-01-24T07:34:19.3151235Z,[07:33:38+0000] Collecting starlette<0.42.0&comma;>=0.40.0 (from fastapi==0.115.6->-r requirements.txt (line 2)),,0
	2026-01-24T07:34:19.4438406Z,[07:33:38+0000]   Using cached starlette-0.41.3-py3-none-any.whl.metadata (6.0 kB),,0
	2026-01-24T07:34:19.5157455Z,[07:33:38+0000] Collecting typing-extensions>=4.8.0 (from fastapi==0.115.6->-r requirements.txt (line 2)),,0
	2026-01-24T07:34:19.6071924Z,[07:33:38+0000]   Using cached typing_extensions-4.15.0-py3-none-any.whl.metadata (3.3 kB),,0
	2026-01-24T07:34:19.7165491Z,[07:33:38+0000] Collecting click>=7.0 (from uvicorn==0.34.0->uvicorn[standard]==0.34.0->-r requirements.txt (line 3)),,0
	2026-01-24T07:34:19.7858654Z,[07:33:38+0000]   Using cached click-8.3.1-py3-none-any.whl.metadata (2.6 kB),,0
	2026-01-24T07:34:19.8781460Z,[07:33:38+0000] Collecting h11>=0.8 (from uvicorn==0.34.0->uvicorn[standard]==0.34.0->-r requirements.txt (line 3)),,0
	2026-01-24T07:34:19.9381538Z,[07:33:38+0000]   Using cached h11-0.16.0-py3-none-any.whl.metadata (8.3 kB),,0
	2026-01-24T07:34:20.0100248Z,[07:33:38+0000] Collecting packaging (from gunicorn==23.0.0->-r requirements.txt (line 4)),,0
	2026-01-24T07:34:20.1202466Z,[07:33:38+0000]   Using cached packaging-26.0-py3-none-any.whl.metadata (3.3 kB),,0
	2026-01-24T07:34:20.1809125Z,[07:33:39+0000] Collecting greenlet!=0.4.17 (from sqlalchemy==2.0.36->-r requirements.txt (line 8)),,0
	2026-01-24T07:34:20.2284110Z,[07:33:39+0000]   Downloading greenlet-3.3.1-cp312-cp312-manylinux_2_24_x86_64.manylinux_2_28_x86_64.whl.metadata (3.7 kB),,0
	2026-01-24T07:34:20.2888254Z,[07:33:39+0000] Collecting ecdsa!=0.15 (from python-jose==3.3.0->python-jose[cryptography]==3.3.0->-r requirements.txt (line 12)),,0
	2026-01-24T07:34:20.3601790Z,[07:33:39+0000]   Using cached ecdsa-0.19.1-py2.py3-none-any.whl.metadata (29 kB),,0
	2026-01-24T07:34:20.4228936Z,[07:33:40+0000] Collecting rsa (from python-jose==3.3.0->python-jose[cryptography]==3.3.0->-r requirements.txt (line 12)),,0
	2026-01-24T07:34:20.4621705Z,[07:33:40+0000]   Using cached rsa-4.9.1-py3-none-any.whl.metadata (5.6 kB),,0
	2026-01-24T07:34:20.5305482Z,[07:33:40+0000] Collecting pyasn1 (from python-jose==3.3.0->python-jose[cryptography]==3.3.0->-r requirements.txt (line 12)),,0
	2026-01-24T07:34:20.5712950Z,[07:33:40+0000]   Using cached pyasn1-0.6.2-py3-none-any.whl.metadata (8.4 kB),,0
	2026-01-24T07:34:20.6516369Z,[07:33:40+0000] Collecting annotated-types>=0.6.0 (from pydantic==2.10.4->-r requirements.txt (line 17)),,0
	2026-01-24T07:34:20.6924153Z,[07:33:40+0000]   Using cached annotated_types-0.7.0-py3-none-any.whl.metadata (15 kB),,0
	2026-01-24T07:34:20.7525226Z,[07:33:43+0000] Collecting pydantic-core==2.27.2 (from pydantic==2.10.4->-r requirements.txt (line 17)),,0
	2026-01-24T07:34:20.9542624Z,[07:33:43+0000]   Using cached pydantic_core-2.27.2-cp312-cp312-manylinux_2_17_x86_64.manylinux2014_x86_64.whl.metadata (6.6 kB),,0
	2026-01-24T07:34:21.0045912Z,[07:33:43+0000] Collecting dnspython>=2.0.0 (from email-validator==2.2.0->-r requirements.txt (line 19)),,0
	2026-01-24T07:34:21.0571104Z,[07:33:43+0000]   Using cached dnspython-2.8.0-py3-none-any.whl.metadata (5.7 kB),,0
	2026-01-24T07:34:21.1033846Z,[07:33:43+0000] Collecting idna>=2.0.0 (from email-validator==2.2.0->-r requirements.txt (line 19)),,0
	2026-01-24T07:34:21.1545969Z,[07:33:43+0000]   Using cached idna-3.11-py3-none-any.whl.metadata (8.4 kB),,0
	2026-01-24T07:34:21.2551764Z,[07:33:43+0000] Collecting anyio (from httpx==0.27.0->-r requirements.txt (line 23)),,0
	2026-01-24T07:34:21.3062177Z,[07:33:43+0000]   Using cached anyio-4.12.1-py3-none-any.whl.metadata (4.3 kB),,0
	2026-01-24T07:34:21.3573952Z,[07:33:43+0000] Collecting certifi (from httpx==0.27.0->-r requirements.txt (line 23)),,0
	2026-01-24T07:34:21.3794695Z,[07:33:43+0000]   Using cached certifi-2026.1.4-py3-none-any.whl.metadata (2.5 kB),,0
	2026-01-24T07:34:21.4180130Z,[07:33:43+0000] Collecting httpcore==1.* (from httpx==0.27.0->-r requirements.txt (line 23)),,0
	2026-01-24T07:34:21.4854456Z,[07:33:43+0000]   Using cached httpcore-1.0.9-py3-none-any.whl.metadata (21 kB),,0
	2026-01-24T07:34:21.5180076Z,[07:33:43+0000] Collecting sniffio (from httpx==0.27.0->-r requirements.txt (line 23)),,0
	2026-01-24T07:34:21.5962210Z,[07:33:43+0000]   Using cached sniffio-1.3.1-py3-none-any.whl.metadata (3.9 kB),,0
	2026-01-24T07:34:21.6581617Z,[07:33:44+0000] Collecting cryptography>=3.4.0 (from python-jose[cryptography]==3.3.0->-r requirements.txt (line 12)),,0
	2026-01-24T07:34:21.6864680Z,[07:33:44+0000]   Using cached cryptography-46.0.3-cp311-abi3-manylinux_2_28_x86_64.whl.metadata (5.7 kB),,0
	2026-01-24T07:34:21.7368189Z,[07:33:45+0000] Collecting httptools>=0.6.3 (from uvicorn[standard]==0.34.0->-r requirements.txt (line 3)),,0
	2026-01-24T07:34:21.7998766Z,[07:33:45+0000]   Using cached httptools-0.7.1-cp312-cp312-manylinux1_x86_64.manylinux_2_28_x86_64.manylinux_2_5_x86_64.whl.metadata (3.5 kB),,0
	2026-01-24T07:34:21.8488842Z,[07:33:45+0000] Collecting pyyaml>=5.1 (from uvicorn[standard]==0.34.0->-r requirements.txt (line 3)),,0
	2026-01-24T07:34:21.9495494Z,[07:33:45+0000]   Using cached pyyaml-6.0.3-cp312-cp312-manylinux2014_x86_64.manylinux_2_17_x86_64.manylinux_2_28_x86_64.whl.metadata (2.4 kB),,0
	2026-01-24T07:34:22.0597180Z,[07:33:45+0000] Collecting uvloop!=0.15.0&comma;!=0.15.1&comma;>=0.14.0 (from uvicorn[standard]==0.34.0->-r requirements.txt (line 3)),,0
	2026-01-24T07:34:22.1517179Z,[07:33:45+0000]   Using cached uvloop-0.22.1-cp312-cp312-manylinux2014_x86_64.manylinux_2_17_x86_64.manylinux_2_28_x86_64.whl.metadata (4.9 kB),,0
	2026-01-24T07:34:22.2825441Z,[07:33:45+0000] Collecting watchfiles>=0.13 (from uvicorn[standard]==0.34.0->-r requirements.txt (line 3)),,0
	2026-01-24T07:34:22.3822049Z,[07:33:45+0000]   Using cached watchfiles-1.1.1-cp312-cp312-manylinux_2_17_x86_64.manylinux2014_x86_64.whl.metadata (4.9 kB),,0
	2026-01-24T07:34:22.4537451Z,[07:33:46+0000] Collecting websockets>=10.4 (from uvicorn[standard]==0.34.0->-r requirements.txt (line 3)),,0
	2026-01-24T07:34:22.6547240Z,[07:33:46+0000]   Using cached websockets-16.0-cp312-cp312-manylinux1_x86_64.manylinux_2_28_x86_64.manylinux_2_5_x86_64.whl.metadata (6.8 kB),,0
	2026-01-24T07:34:22.7227293Z,[07:33:46+0000] Collecting cffi>=2.0.0 (from cryptography>=3.4.0->python-jose[cryptography]==3.3.0->-r requirements.txt (line 12)),,0
	2026-01-24T07:34:22.7956019Z,[07:33:46+0000]   Using cached cffi-2.0.0-cp312-cp312-manylinux2014_x86_64.manylinux_2_17_x86_64.whl.metadata (2.6 kB),,0
	2026-01-24T07:34:22.8440844Z,[07:33:46+0000] Collecting six>=1.9.0 (from ecdsa!=0.15->python-jose==3.3.0->python-jose[cryptography]==3.3.0->-r requirements.txt (line 12)),,0
	2026-01-24T07:34:22.8959333Z,[07:33:47+0000]   Using cached six-1.17.0-py2.py3-none-any.whl.metadata (1.7 kB),,0
	2026-01-24T07:34:22.9547557Z,[07:33:47+0000] Collecting pycparser (from cffi>=2.0.0->cryptography>=3.4.0->python-jose[cryptography]==3.3.0->-r requirements.txt (line 12)),,0
	2026-01-24T07:34:23.0150742Z,[07:33:47+0000]   Using cached pycparser-3.0-py3-none-any.whl.metadata (8.2 kB),,0
	2026-01-24T07:34:23.0667873Z,[07:33:47+0000] Using cached fastapi-0.115.6-py3-none-any.whl (94 kB),,0
	2026-01-24T07:34:23.1175462Z,[07:33:47+0000] Using cached uvicorn-0.34.0-py3-none-any.whl (62 kB),,0
	2026-01-24T07:34:23.1551184Z,[07:33:47+0000] Using cached gunicorn-23.0.0-py3-none-any.whl (85 kB),,0
	2026-01-24T07:34:23.1860568Z,[07:33:47+0000] Using cached python_multipart-0.0.20-py3-none-any.whl (24 kB),,0
	2026-01-24T07:34:23.2404188Z,[07:33:47+0000] Using cached SQLAlchemy-2.0.36-cp312-cp312-manylinux_2_17_x86_64.manylinux2014_x86_64.whl (3.2 MB),,0
	2026-01-24T07:34:23.2852563Z,[07:33:47+0000] Using cached pymssql-2.3.2-cp312-cp312-manylinux_2_28_x86_64.whl (4.7 MB),,0
	2026-01-24T07:34:23.3167988Z,[07:33:47+0000] Using cached python_jose-3.3.0-py2.py3-none-any.whl (33 kB),,0
	2026-01-24T07:34:23.3787529Z,[07:33:47+0000] Using cached passlib-1.7.4-py2.py3-none-any.whl (525 kB),,0
	2026-01-24T07:34:23.4492202Z,[07:33:47+0000] Using cached bcrypt-4.2.1-cp39-abi3-manylinux_2_28_x86_64.whl (278 kB),,0
	2026-01-24T07:34:23.5100264Z,[07:33:47+0000] Using cached pydantic-2.10.4-py3-none-any.whl (431 kB),,0
	2026-01-24T07:34:23.5673576Z,[07:33:47+0000] Using cached pydantic_settings-2.7.0-py3-none-any.whl (29 kB),,0
	2026-01-24T07:34:23.6176463Z,[07:33:47+0000] Using cached email_validator-2.2.0-py3-none-any.whl (33 kB),,0
	2026-01-24T07:34:23.6601754Z,[07:33:47+0000] Using cached python_dotenv-1.0.1-py3-none-any.whl (19 kB),,0
	2026-01-24T07:34:23.7078767Z,[07:33:47+0000] Using cached httpx-0.27.0-py3-none-any.whl (75 kB),,0
	2026-01-24T07:34:23.7703903Z,[07:33:47+0000] Using cached httpcore-1.0.9-py3-none-any.whl (78 kB),,0
	2026-01-24T07:34:23.8409399Z,[07:33:48+0000] Using cached pydantic_core-2.27.2-cp312-cp312-manylinux_2_17_x86_64.manylinux2014_x86_64.whl (2.0 MB),,0
	2026-01-24T07:34:23.9039537Z,[07:33:48+0000] Using cached annotated_types-0.7.0-py3-none-any.whl (13 kB),,0
	2026-01-24T07:34:23.9315689Z,[07:33:48+0000] Using cached click-8.3.1-py3-none-any.whl (108 kB),,0
	2026-01-24T07:34:24.0023183Z,[07:33:48+0000] Using cached cryptography-46.0.3-cp311-abi3-manylinux_2_28_x86_64.whl (4.5 MB),,0
	2026-01-24T07:34:24.0807486Z,[07:33:48+0000] Using cached dnspython-2.8.0-py3-none-any.whl (331 kB),,0
	2026-01-24T07:34:24.1117398Z,[07:33:48+0000] Using cached ecdsa-0.19.1-py2.py3-none-any.whl (150 kB),,0
	2026-01-24T07:34:24.1625170Z,[07:33:48+0000] Downloading greenlet-3.3.1-cp312-cp312-manylinux_2_24_x86_64.manylinux_2_28_x86_64.whl (609 kB),,0
	2026-01-24T07:34:24.2001737Z,[07:33:48+0000]    ━━━━━━━━━━━━━━━━━━━━━━━━━━━━━━━━━━━━━━━━ 609.9/609.9 kB 4.9 MB/s eta 0:00:00,,0
	2026-01-24T07:34:24.2430248Z,[07:33:48+0000] Using cached h11-0.16.0-py3-none-any.whl (37 kB),,0
	2026-01-24T07:34:24.2910972Z,[07:33:48+0000] Using cached httptools-0.7.1-cp312-cp312-manylinux1_x86_64.manylinux_2_28_x86_64.manylinux_2_5_x86_64.whl (517 kB),,0
	2026-01-24T07:34:24.3133657Z,[07:33:48+0000] Using cached idna-3.11-py3-none-any.whl (71 kB),,0
	2026-01-24T07:34:24.3534967Z,[07:33:48+0000] Using cached pyyaml-6.0.3-cp312-cp312-manylinux2014_x86_64.manylinux_2_17_x86_64.manylinux_2_28_x86_64.whl (807 kB),,0
	2026-01-24T07:34:24.3934650Z,[07:33:48+0000] Using cached starlette-0.41.3-py3-none-any.whl (73 kB),,0
	2026-01-24T07:34:24.4625823Z,[07:33:48+0000] Using cached anyio-4.12.1-py3-none-any.whl (113 kB),,0
	2026-01-24T07:34:24.5120908Z,[07:33:48+0000] Using cached typing_extensions-4.15.0-py3-none-any.whl (44 kB),,0
	2026-01-24T07:34:24.5337369Z,[07:33:48+0000] Using cached uvloop-0.22.1-cp312-cp312-manylinux2014_x86_64.manylinux_2_17_x86_64.manylinux_2_28_x86_64.whl (4.4 MB),,0
	2026-01-24T07:34:24.5927519Z,[07:33:48+0000] Using cached watchfiles-1.1.1-cp312-cp312-manylinux_2_17_x86_64.manylinux2014_x86_64.whl (456 kB),,0
	2026-01-24T07:34:24.6539311Z,[07:33:48+0000] Using cached websockets-16.0-cp312-cp312-manylinux1_x86_64.manylinux_2_28_x86_64.manylinux_2_5_x86_64.whl (184 kB),,0
	2026-01-24T07:34:24.7132364Z,[07:33:48+0000] Using cached certifi-2026.1.4-py3-none-any.whl (152 kB),,0
	2026-01-24T07:34:24.7651188Z,[07:33:48+0000] Using cached packaging-26.0-py3-none-any.whl (74 kB),,0
	2026-01-24T07:34:24.8059281Z,[07:33:48+0000] Using cached pyasn1-0.6.2-py3-none-any.whl (83 kB),,0
	2026-01-24T07:34:24.8663306Z,[07:33:48+0000] Using cached rsa-4.9.1-py3-none-any.whl (34 kB),,0
	2026-01-24T07:34:24.8972141Z,[07:33:48+0000] Using cached sniffio-1.3.1-py3-none-any.whl (10 kB),,0
	2026-01-24T07:34:24.9481680Z,[07:33:48+0000] Using cached cffi-2.0.0-cp312-cp312-manylinux2014_x86_64.manylinux_2_17_x86_64.whl (219 kB),,0
	2026-01-24T07:34:24.9971497Z,[07:33:49+0000] Using cached six-1.17.0-py2.py3-none-any.whl (11 kB),,0
	2026-01-24T07:34:25.0354523Z,[07:33:49+0000] Using cached pycparser-3.0-py3-none-any.whl (48 kB),,0
	2026-01-24T07:34:25.0667276Z,[07:33:49+0000] Installing collected packages: pymssql&comma; passlib&comma; websockets&comma; uvloop&comma; typing-extensions&comma; sniffio&comma; six&comma; pyyaml&comma; python-multipart&comma; python-dotenv&comma; pycparser&comma; pyasn1&comma; packaging&comma; idna&comma; httptools&comma; h11&comma; greenlet&comma; dnspython&comma; click&comma; certifi&comma; bcrypt&comma; annotated-types&comma; uvicorn&comma; sqlalchemy&comma; rsa&comma; pydantic-core&comma; httpcore&comma; gunicorn&comma; email-validator&comma; ecdsa&comma; cffi&comma; anyio&comma; watchfiles&comma; starlette&comma; python-jose&comma; pydantic&comma; httpx&comma; cryptography&comma; pydantic-settings&comma; fastapi,,0
	2026-01-24T07:34:25.1467893Z,[07:34:16+0000] Successfully installed annotated-types-0.7.0 anyio-4.12.1 bcrypt-4.2.1 certifi-2026.1.4 cffi-2.0.0 click-8.3.1 cryptography-46.0.3 dnspython-2.8.0 ecdsa-0.19.1 email-validator-2.2.0 fastapi-0.115.6 greenlet-3.3.1 gunicorn-23.0.0 h11-0.16.0 httpcore-1.0.9 httptools-0.7.1 httpx-0.27.0 idna-3.11 packaging-26.0 passlib-1.7.4 pyasn1-0.6.2 pycparser-3.0 pydantic-2.10.4 pydantic-core-2.27.2 pydantic-settings-2.7.0 pymssql-2.3.2 python-dotenv-1.0.1 python-jose-3.3.0 python-multipart-0.0.20 pyyaml-6.0.3 rsa-4.9.1 six-1.17.0 sniffio-1.3.1 sqlalchemy-2.0.36 starlette-0.41.3 typing-extensions-4.15.0 uvicorn-0.34.0 uvloop-0.22.1 watchfiles-1.1.1 websockets-16.0,,0
	2026-01-24T07:34:25.1874438Z,,,0
	2026-01-24T07:34:25.2481379Z,[notice] A new release of pip is available: 25.0.1 -> 25.3,,0
	2026-01-24T07:34:25.3285056Z,[notice] To update&comma; run: pip install --upgrade pip,,0
	2026-01-24T07:34:25.4072057Z,Not a vso image&comma; so not writing build commands,,0
	2026-01-24T07:34:25.4695877Z,Preparing output...,,0
	2026-01-24T07:34:25.5482211Z,,,0
	2026-01-24T07:34:25.5801838Z,Copying files to destination directory '/tmp/_preCompressedDestinationDir'...,,0
	2026-01-24T07:34:27.0552576Z,Done in 8 sec(s).,,0
	2026-01-24T07:34:27.0891115Z,Compressing content of directory '/tmp/_preCompressedDestinationDir'...,,0
	2026-01-24T07:34:53.6913064Z,Copied the compressed output to '/home/site/wwwroot',,0
	2026-01-24T07:34:53.7524268Z,,,0
	2026-01-24T07:34:53.7983327Z,Removing existing manifest file,,0
	2026-01-24T07:34:53.8224374Z,Creating a manifest file...,,0
	2026-01-24T07:34:53.8335558Z,Manifest file created.,,0
	2026-01-24T07:34:53.8614917Z,Copying .ostype to manifest output directory.,,0
	2026-01-24T07:34:53.8840080Z,,,0
	2026-01-24T07:34:53.9010915Z,Done in 94 sec(s).,,0
2026-01-24T07:34:54.5284694Z,Running post deployment command(s)...,dfeac10a-8a11-4e07-a137-44e9aa882c6d,0
2026-01-24T07:34:54.6528864Z,,7d26978d-b054-479f-b9f7-4c0047c532b8,0
2026-01-24T07:34:54.7812640Z,Generating summary of Oryx build,4f447091-b630-4ea8-8703-2deccf1f123d,0
2026-01-24T07:34:54.9510922Z,Parsing the build logs,08d5cc8a-57e2-4970-a07c-f68d25da2952,0
2026-01-24T07:34:55.1390352Z,Found 0 issue(s),8fdeadad-68ce-45b4-a9d5-9a6fbaffd49e,0
2026-01-24T07:34:55.2598323Z,,d7b2d3af-88f5-4fe9-9cd2-57eb820565e4,0
2026-01-24T07:34:55.3687542Z,Build Summary :,76f3dde5-5c65-45d7-986f-a828ad05998e,0
2026-01-24T07:34:55.4913930Z,===============,654c1daf-e8b5-42e8-920b-63c7883509da,0
2026-01-24T07:34:55.6205234Z,Errors (0),80a5be94-df78-461f-9c6a-cffbfea0ccd6,0
2026-01-24T07:34:55.7331883Z,Warnings (0),05ea3b47-4cb6-4914-bce1-67f0e0943027,0
2026-01-24T07:34:55.8837051Z,,6b023483-2b26-4167-8f00-e56cffd4c71c,0
2026-01-24T07:34:56.0536098Z,Triggering container recycle for OneDeploy by adding/updating restartTrigger.txt to the site root path,26bf21d5-1ab5-4728-8183-91de2c492d2c,0
2026-01-24T07:34:56.2459196Z,Deployment successful. deployer = OneDeploy deploymentPath = OneDeploy,1ae1baf1-d50f-4ffc-89a1-0e882ad16b19,0
