2026-01-08T15:13:10.7742342Z,Updating submodules.,5742ab53-f271-4e25-ba58-8d6074965984,0
2026-01-08T15:13:12.4842997Z,Preparing deployment for commit id '57aeafda-4'.,8b37a32e-4479-4c5f-8134-c1bb8de4d0f4,0
2026-01-08T15:13:13.0279086Z,PreDeployment: context.CleanOutputPath False,08cd19d8-cc98-42f8-99ed-2c7c428ce0dd,0
2026-01-08T15:13:13.2081819Z,PreDeployment: context.OutputPath /home/site/wwwroot,5a635b8d-9a33-4e83-acb7-eca2e4e83f78,0
2026-01-08T15:13:13.3658844Z,Repository path is /tmp/zipdeploy/extracted,fc4cea95-f8f0-4a6c-b261-98884256c9b2,0
2026-01-08T15:13:13.4959158Z,Running oryx build...,4d23250f-c25c-4e98-be7c-4f3ff29caad0,0
	2026-01-08T15:13:13.5035626Z,Command: oryx build /tmp/zipdeploy/extracted -o /home/site/wwwroot --platform python --platform-version 3.12 -p virtualenv_name=antenv --log-file /tmp/build-debug.log  -i /tmp/8de4ec870d8d062 --compress-destination-dir | tee /tmp/oryx-build.log,,0
	2026-01-08T15:13:15.6344451Z,Operation performed by Microsoft Oryx&comma; https://github.com/Microsoft/Oryx,,0
	2026-01-08T15:13:15.7049489Z,You can report issues at https://github.com/Microsoft/Oryx/issues,,0
	2026-01-08T15:13:15.7444686Z,,,0
	2026-01-08T15:13:15.7765256Z,Oryx Version: 0.2.20251022.1+bef98bc7139feefaa74be16de9d835e2c85385d4&comma; Commit: bef98bc7139feefaa74be16de9d835e2c85385d4&comma; ReleaseTagName: 20251022.1,,0
	2026-01-08T15:13:15.8054138Z,,,0
	2026-01-08T15:13:15.8352276Z,Build Operation ID: d8c69dd4a6e8d6eb,,0
	2026-01-08T15:13:15.8498192Z,Repository Commit : 57aeafda-4357-448a-97b8-f45c8122e7db,,0
	2026-01-08T15:13:15.8745748Z,OS Type           : bullseye,,0
	2026-01-08T15:13:15.9053593Z,Image Type        : githubactions,,0
	2026-01-08T15:13:15.9460749Z,,,0
	2026-01-08T15:13:15.9682696Z,Primary SDK Storage URL: https://oryx-cdn.microsoft.io,,0
	2026-01-08T15:13:16.0169896Z,Backup SDK Storage URL: ,,0
	2026-01-08T15:13:16.0972199Z,Detecting platforms...,,0
	2026-01-08T15:13:16.1286872Z,External SDK provider is enabled.,,0
	2026-01-08T15:13:16.2190801Z,Requesting metadata for platform python from external SDK provider,,0
	2026-01-08T15:13:17.7415906Z,Requesting metadata for platform python from external SDK provider,,0
	2026-01-08T15:13:18.3701458Z,Detected following platforms:,,0
	2026-01-08T15:13:18.4002315Z,  python: 3.12.12,,0
	2026-01-08T15:13:18.9729609Z,,,0
	2026-01-08T15:13:19.0625121Z,Using intermediate directory '/tmp/8de4ec870d8d062'.,,0
	2026-01-08T15:13:19.1229654Z,,,0
	2026-01-08T15:13:19.1837078Z,Copying files to the intermediate directory...,,0
	2026-01-08T15:13:19.2116312Z,Done in 0 sec(s).,,0
	2026-01-08T15:13:19.2513759Z,,,0
	2026-01-08T15:13:19.2906914Z,Source directory     : /tmp/8de4ec870d8d062,,0
	2026-01-08T15:13:19.3315450Z,Destination directory: /home/site/wwwroot,,0
	2026-01-08T15:13:19.3635009Z,,,0
	2026-01-08T15:13:19.6932425Z,Python Version: /tmp/oryx/platforms/python/3.12.12/bin/python3.12,,0
	2026-01-08T15:13:19.7450887Z,Creating directory for command manifest file if it does not exist,,0
	2026-01-08T15:13:19.7860329Z,Removing existing manifest file,,0
	2026-01-08T15:13:19.8229892Z,Python Virtual Environment: antenv,,0
	2026-01-08T15:13:19.8436698Z,Creating virtual environment...,,0
	2026-01-08T15:13:19.8659053Z,Executing: /tmp/oryx/platforms/python/3.12.12/bin/python3.12 -m venv antenv --copies --system-site-packages,,0
	2026-01-08T15:13:31.9622203Z,Activating virtual environment...,,0
	2026-01-08T15:13:32.0139899Z,Running pip install...,,0
	2026-01-08T15:14:13.1825171Z,[15:13:34+0000] Collecting fastapi==0.115.6 (from -r requirements.txt (line 2)),,0
	2026-01-08T15:14:13.2128602Z,[15:13:34+0000]   Using cached fastapi-0.115.6-py3-none-any.whl.metadata (27 kB),,0
	2026-01-08T15:14:13.2624437Z,[15:13:34+0000] Collecting uvicorn==0.34.0 (from uvicorn[standard]==0.34.0->-r requirements.txt (line 3)),,0
	2026-01-08T15:14:13.2824465Z,[15:13:34+0000]   Using cached uvicorn-0.34.0-py3-none-any.whl.metadata (6.5 kB),,0
	2026-01-08T15:14:13.3169168Z,[15:13:34+0000] Collecting gunicorn==23.0.0 (from -r requirements.txt (line 4)),,0
	2026-01-08T15:14:13.3293703Z,[15:13:34+0000]   Using cached gunicorn-23.0.0-py3-none-any.whl.metadata (4.4 kB),,0
	2026-01-08T15:14:13.3491754Z,[15:13:34+0000] Collecting python-multipart==0.0.20 (from -r requirements.txt (line 5)),,0
	2026-01-08T15:14:13.3663166Z,[15:13:34+0000]   Using cached python_multipart-0.0.20-py3-none-any.whl.metadata (1.8 kB),,0
	2026-01-08T15:14:13.3792589Z,[15:13:35+0000] Collecting sqlalchemy==2.0.36 (from -r requirements.txt (line 8)),,0
	2026-01-08T15:14:13.4067464Z,[15:13:35+0000]   Using cached SQLAlchemy-2.0.36-cp312-cp312-manylinux_2_17_x86_64.manylinux2014_x86_64.whl.metadata (9.7 kB),,0
	2026-01-08T15:14:13.4287155Z,[15:13:35+0000] Collecting pymssql==2.3.2 (from -r requirements.txt (line 9)),,0
	2026-01-08T15:14:13.4468056Z,[15:13:35+0000]   Using cached pymssql-2.3.2-cp312-cp312-manylinux_2_28_x86_64.whl.metadata (4.7 kB),,0
	2026-01-08T15:14:13.4586846Z,[15:13:35+0000] Collecting python-jose==3.3.0 (from python-jose[cryptography]==3.3.0->-r requirements.txt (line 12)),,0
	2026-01-08T15:14:13.4921616Z,[15:13:35+0000]   Using cached python_jose-3.3.0-py2.py3-none-any.whl.metadata (5.4 kB),,0
	2026-01-08T15:14:13.5220867Z,[15:13:35+0000] Collecting passlib==1.7.4 (from passlib[bcrypt]==1.7.4->-r requirements.txt (line 13)),,0
	2026-01-08T15:14:13.5403173Z,[15:13:35+0000]   Using cached passlib-1.7.4-py2.py3-none-any.whl.metadata (1.7 kB),,0
	2026-01-08T15:14:13.5520740Z,[15:13:36+0000] Collecting bcrypt==4.2.1 (from -r requirements.txt (line 14)),,0
	2026-01-08T15:14:13.5640495Z,[15:13:36+0000]   Using cached bcrypt-4.2.1-cp39-abi3-manylinux_2_28_x86_64.whl.metadata (9.8 kB),,0
	2026-01-08T15:14:13.5809701Z,[15:13:36+0000] Collecting pydantic==2.10.4 (from -r requirements.txt (line 17)),,0
	2026-01-08T15:14:13.6033044Z,[15:13:36+0000]   Using cached pydantic-2.10.4-py3-none-any.whl.metadata (29 kB),,0
	2026-01-08T15:14:13.6311217Z,[15:13:36+0000] Collecting pydantic-settings==2.7.0 (from -r requirements.txt (line 18)),,0
	2026-01-08T15:14:13.6447365Z,[15:13:36+0000]   Using cached pydantic_settings-2.7.0-py3-none-any.whl.metadata (3.5 kB),,0
	2026-01-08T15:14:13.6549739Z,[15:13:36+0000] Collecting email-validator==2.2.0 (from -r requirements.txt (line 19)),,0
	2026-01-08T15:14:13.6655813Z,[15:13:36+0000]   Using cached email_validator-2.2.0-py3-none-any.whl.metadata (25 kB),,0
	2026-01-08T15:14:13.6838207Z,[15:13:36+0000] Collecting python-dotenv==1.0.1 (from -r requirements.txt (line 22)),,0
	2026-01-08T15:14:13.7334600Z,[15:13:36+0000]   Using cached python_dotenv-1.0.1-py3-none-any.whl.metadata (23 kB),,0
	2026-01-08T15:14:13.7554756Z,[15:13:37+0000] Collecting starlette<0.42.0&comma;>=0.40.0 (from fastapi==0.115.6->-r requirements.txt (line 2)),,0
	2026-01-08T15:14:13.7722090Z,[15:13:37+0000]   Using cached starlette-0.41.3-py3-none-any.whl.metadata (6.0 kB),,0
	2026-01-08T15:14:13.7858798Z,[15:13:37+0000] Collecting typing-extensions>=4.8.0 (from fastapi==0.115.6->-r requirements.txt (line 2)),,0
	2026-01-08T15:14:13.8220483Z,[15:13:37+0000]   Using cached typing_extensions-4.15.0-py3-none-any.whl.metadata (3.3 kB),,0
	2026-01-08T15:14:13.8334722Z,[15:13:37+0000] Collecting click>=7.0 (from uvicorn==0.34.0->uvicorn[standard]==0.34.0->-r requirements.txt (line 3)),,0
	2026-01-08T15:14:13.8522872Z,[15:13:37+0000]   Using cached click-8.3.1-py3-none-any.whl.metadata (2.6 kB),,0
	2026-01-08T15:14:13.8752053Z,[15:13:37+0000] Collecting h11>=0.8 (from uvicorn==0.34.0->uvicorn[standard]==0.34.0->-r requirements.txt (line 3)),,0
	2026-01-08T15:14:13.8924031Z,[15:13:37+0000]   Using cached h11-0.16.0-py3-none-any.whl.metadata (8.3 kB),,0
	2026-01-08T15:14:13.9161372Z,[15:13:37+0000] Collecting packaging (from gunicorn==23.0.0->-r requirements.txt (line 4)),,0
	2026-01-08T15:14:13.9288402Z,[15:13:37+0000]   Using cached packaging-25.0-py3-none-any.whl.metadata (3.3 kB),,0
	2026-01-08T15:14:13.9449008Z,[15:13:37+0000] Collecting greenlet!=0.4.17 (from sqlalchemy==2.0.36->-r requirements.txt (line 8)),,0
	2026-01-08T15:14:13.9637655Z,[15:13:37+0000]   Using cached greenlet-3.3.0-cp312-cp312-manylinux_2_24_x86_64.manylinux_2_28_x86_64.whl.metadata (4.1 kB),,0
	2026-01-08T15:14:13.9751008Z,[15:13:38+0000] Collecting ecdsa!=0.15 (from python-jose==3.3.0->python-jose[cryptography]==3.3.0->-r requirements.txt (line 12)),,0
	2026-01-08T15:14:14.0078948Z,[15:13:38+0000]   Using cached ecdsa-0.19.1-py2.py3-none-any.whl.metadata (29 kB),,0
	2026-01-08T15:14:14.0407500Z,[15:13:38+0000] Collecting rsa (from python-jose==3.3.0->python-jose[cryptography]==3.3.0->-r requirements.txt (line 12)),,0
	2026-01-08T15:14:14.1107966Z,[15:13:38+0000]   Using cached rsa-4.9.1-py3-none-any.whl.metadata (5.6 kB),,0
	2026-01-08T15:14:14.1588815Z,[15:13:38+0000] Collecting pyasn1 (from python-jose==3.3.0->python-jose[cryptography]==3.3.0->-r requirements.txt (line 12)),,0
	2026-01-08T15:14:14.1994181Z,[15:13:38+0000]   Using cached pyasn1-0.6.1-py3-none-any.whl.metadata (8.4 kB),,0
	2026-01-08T15:14:14.2809427Z,[15:13:38+0000] Collecting annotated-types>=0.6.0 (from pydantic==2.10.4->-r requirements.txt (line 17)),,0
	2026-01-08T15:14:14.3402063Z,[15:13:38+0000]   Using cached annotated_types-0.7.0-py3-none-any.whl.metadata (15 kB),,0
	2026-01-08T15:14:14.3722299Z,[15:13:41+0000] Collecting pydantic-core==2.27.2 (from pydantic==2.10.4->-r requirements.txt (line 17)),,0
	2026-01-08T15:14:14.4223528Z,[15:13:41+0000]   Using cached pydantic_core-2.27.2-cp312-cp312-manylinux_2_17_x86_64.manylinux2014_x86_64.whl.metadata (6.6 kB),,0
	2026-01-08T15:14:14.4709252Z,[15:13:41+0000] Collecting dnspython>=2.0.0 (from email-validator==2.2.0->-r requirements.txt (line 19)),,0
	2026-01-08T15:14:14.5212404Z,[15:13:41+0000]   Using cached dnspython-2.8.0-py3-none-any.whl.metadata (5.7 kB),,0
	2026-01-08T15:14:14.5604223Z,[15:13:42+0000] Collecting idna>=2.0.0 (from email-validator==2.2.0->-r requirements.txt (line 19)),,0
	2026-01-08T15:14:14.6205950Z,[15:13:42+0000]   Using cached idna-3.11-py3-none-any.whl.metadata (8.4 kB),,0
	2026-01-08T15:14:14.6598580Z,[15:13:42+0000] Collecting cryptography>=3.4.0 (from python-jose[cryptography]==3.3.0->-r requirements.txt (line 12)),,0
	2026-01-08T15:14:14.7195313Z,[15:13:42+0000]   Using cached cryptography-46.0.3-cp311-abi3-manylinux_2_28_x86_64.whl.metadata (5.7 kB),,0
	2026-01-08T15:14:14.7712952Z,[15:13:43+0000] Collecting httptools>=0.6.3 (from uvicorn[standard]==0.34.0->-r requirements.txt (line 3)),,0
	2026-01-08T15:14:14.8200970Z,[15:13:43+0000]   Using cached httptools-0.7.1-cp312-cp312-manylinux1_x86_64.manylinux_2_28_x86_64.manylinux_2_5_x86_64.whl.metadata (3.5 kB),,0
	2026-01-08T15:14:14.8527524Z,[15:13:43+0000] Collecting pyyaml>=5.1 (from uvicorn[standard]==0.34.0->-r requirements.txt (line 3)),,0
	2026-01-08T15:14:14.8785934Z,[15:13:43+0000]   Using cached pyyaml-6.0.3-cp312-cp312-manylinux2014_x86_64.manylinux_2_17_x86_64.manylinux_2_28_x86_64.whl.metadata (2.4 kB),,0
	2026-01-08T15:14:14.8897048Z,[15:13:43+0000] Collecting uvloop!=0.15.0&comma;!=0.15.1&comma;>=0.14.0 (from uvicorn[standard]==0.34.0->-r requirements.txt (line 3)),,0
	2026-01-08T15:14:14.9160625Z,[15:13:43+0000]   Using cached uvloop-0.22.1-cp312-cp312-manylinux2014_x86_64.manylinux_2_17_x86_64.manylinux_2_28_x86_64.whl.metadata (4.9 kB),,0
	2026-01-08T15:14:14.9230015Z,[15:13:43+0000] Collecting watchfiles>=0.13 (from uvicorn[standard]==0.34.0->-r requirements.txt (line 3)),,0
	2026-01-08T15:14:14.9324726Z,[15:13:43+0000]   Using cached watchfiles-1.1.1-cp312-cp312-manylinux_2_17_x86_64.manylinux2014_x86_64.whl.metadata (4.9 kB),,0
	2026-01-08T15:14:14.9413353Z,[15:13:44+0000] Collecting websockets>=10.4 (from uvicorn[standard]==0.34.0->-r requirements.txt (line 3)),,0
	2026-01-08T15:14:14.9551226Z,[15:13:44+0000]   Using cached websockets-15.0.1-cp312-cp312-manylinux_2_5_x86_64.manylinux1_x86_64.manylinux_2_17_x86_64.manylinux2014_x86_64.whl.metadata (6.8 kB),,0
	2026-01-08T15:14:14.9777307Z,[15:13:44+0000] Collecting cffi>=2.0.0 (from cryptography>=3.4.0->python-jose[cryptography]==3.3.0->-r requirements.txt (line 12)),,0
	2026-01-08T15:14:14.9880470Z,[15:13:44+0000]   Using cached cffi-2.0.0-cp312-cp312-manylinux2014_x86_64.manylinux_2_17_x86_64.whl.metadata (2.6 kB),,0
	2026-01-08T15:14:15.0473948Z,[15:13:44+0000] Collecting six>=1.9.0 (from ecdsa!=0.15->python-jose==3.3.0->python-jose[cryptography]==3.3.0->-r requirements.txt (line 12)),,0
	2026-01-08T15:14:15.0631093Z,[15:13:44+0000]   Using cached six-1.17.0-py2.py3-none-any.whl.metadata (1.7 kB),,0
	2026-01-08T15:14:15.0774081Z,[15:13:44+0000] Collecting anyio<5&comma;>=3.4.0 (from starlette<0.42.0&comma;>=0.40.0->fastapi==0.115.6->-r requirements.txt (line 2)),,0
	2026-01-08T15:14:15.0896607Z,[15:13:44+0000]   Using cached anyio-4.12.1-py3-none-any.whl.metadata (4.3 kB),,0
	2026-01-08T15:14:15.1159815Z,[15:13:44+0000] Collecting pycparser (from cffi>=2.0.0->cryptography>=3.4.0->python-jose[cryptography]==3.3.0->-r requirements.txt (line 12)),,0
	2026-01-08T15:14:15.1269433Z,[15:13:44+0000]   Using cached pycparser-2.23-py3-none-any.whl.metadata (993 bytes),,0
	2026-01-08T15:14:15.1473975Z,[15:13:44+0000] Using cached fastapi-0.115.6-py3-none-any.whl (94 kB),,0
	2026-01-08T15:14:15.3474453Z,[15:13:44+0000] Using cached uvicorn-0.34.0-py3-none-any.whl (62 kB),,0
	2026-01-08T15:14:15.3792549Z,[15:13:44+0000] Using cached gunicorn-23.0.0-py3-none-any.whl (85 kB),,0
	2026-01-08T15:14:15.4289384Z,[15:13:44+0000] Using cached python_multipart-0.0.20-py3-none-any.whl (24 kB),,0
	2026-01-08T15:14:15.4876699Z,[15:13:44+0000] Using cached SQLAlchemy-2.0.36-cp312-cp312-manylinux_2_17_x86_64.manylinux2014_x86_64.whl (3.2 MB),,0
	2026-01-08T15:14:15.5185493Z,[15:13:44+0000] Using cached pymssql-2.3.2-cp312-cp312-manylinux_2_28_x86_64.whl (4.7 MB),,0
	2026-01-08T15:14:15.5894314Z,[15:13:45+0000] Using cached python_jose-3.3.0-py2.py3-none-any.whl (33 kB),,0
	2026-01-08T15:14:15.6408529Z,[15:13:45+0000] Using cached passlib-1.7.4-py2.py3-none-any.whl (525 kB),,0
	2026-01-08T15:14:15.6887369Z,[15:13:45+0000] Using cached bcrypt-4.2.1-cp39-abi3-manylinux_2_28_x86_64.whl (278 kB),,0
	2026-01-08T15:14:15.7410691Z,[15:13:45+0000] Using cached pydantic-2.10.4-py3-none-any.whl (431 kB),,0
	2026-01-08T15:14:15.7808359Z,[15:13:45+0000] Using cached pydantic_settings-2.7.0-py3-none-any.whl (29 kB),,0
	2026-01-08T15:14:15.8292874Z,[15:13:45+0000] Using cached email_validator-2.2.0-py3-none-any.whl (33 kB),,0
	2026-01-08T15:14:15.8616180Z,[15:13:45+0000] Using cached python_dotenv-1.0.1-py3-none-any.whl (19 kB),,0
	2026-01-08T15:14:15.9319037Z,[15:13:45+0000] Using cached pydantic_core-2.27.2-cp312-cp312-manylinux_2_17_x86_64.manylinux2014_x86_64.whl (2.0 MB),,0
	2026-01-08T15:14:15.9802880Z,[15:13:45+0000] Using cached annotated_types-0.7.0-py3-none-any.whl (13 kB),,0
	2026-01-08T15:14:16.0420416Z,[15:13:45+0000] Using cached click-8.3.1-py3-none-any.whl (108 kB),,0
	2026-01-08T15:14:16.0731437Z,[15:13:45+0000] Using cached cryptography-46.0.3-cp311-abi3-manylinux_2_28_x86_64.whl (4.5 MB),,0
	2026-01-08T15:14:16.0866240Z,[15:13:45+0000] Using cached dnspython-2.8.0-py3-none-any.whl (331 kB),,0
	2026-01-08T15:14:16.1427226Z,[15:13:45+0000] Using cached ecdsa-0.19.1-py2.py3-none-any.whl (150 kB),,0
	2026-01-08T15:14:16.1646877Z,[15:13:45+0000] Using cached greenlet-3.3.0-cp312-cp312-manylinux_2_24_x86_64.manylinux_2_28_x86_64.whl (609 kB),,0
	2026-01-08T15:14:16.1741770Z,[15:13:45+0000] Using cached h11-0.16.0-py3-none-any.whl (37 kB),,0
	2026-01-08T15:14:16.1829648Z,[15:13:45+0000] Using cached httptools-0.7.1-cp312-cp312-manylinux1_x86_64.manylinux_2_28_x86_64.manylinux_2_5_x86_64.whl (517 kB),,0
	2026-01-08T15:14:16.2127591Z,[15:13:45+0000] Using cached idna-3.11-py3-none-any.whl (71 kB),,0
	2026-01-08T15:14:16.2346785Z,[15:13:45+0000] Using cached pyyaml-6.0.3-cp312-cp312-manylinux2014_x86_64.manylinux_2_17_x86_64.manylinux_2_28_x86_64.whl (807 kB),,0
	2026-01-08T15:14:16.2531807Z,[15:13:45+0000] Using cached starlette-0.41.3-py3-none-any.whl (73 kB),,0
	2026-01-08T15:14:16.2647077Z,[15:13:45+0000] Using cached typing_extensions-4.15.0-py3-none-any.whl (44 kB),,0
	2026-01-08T15:14:16.2762758Z,[15:13:45+0000] Using cached uvloop-0.22.1-cp312-cp312-manylinux2014_x86_64.manylinux_2_17_x86_64.manylinux_2_28_x86_64.whl (4.4 MB),,0
	2026-01-08T15:14:16.3047312Z,[15:13:45+0000] Using cached watchfiles-1.1.1-cp312-cp312-manylinux_2_17_x86_64.manylinux2014_x86_64.whl (456 kB),,0
	2026-01-08T15:14:16.3622789Z,[15:13:45+0000] Using cached websockets-15.0.1-cp312-cp312-manylinux_2_5_x86_64.manylinux1_x86_64.manylinux_2_17_x86_64.manylinux2014_x86_64.whl (182 kB),,0
	2026-01-08T15:14:16.3926586Z,[15:13:45+0000] Using cached packaging-25.0-py3-none-any.whl (66 kB),,0
	2026-01-08T15:14:16.4151609Z,[15:13:45+0000] Using cached pyasn1-0.6.1-py3-none-any.whl (83 kB),,0
	2026-01-08T15:14:16.4336093Z,[15:13:45+0000] Using cached rsa-4.9.1-py3-none-any.whl (34 kB),,0
	2026-01-08T15:14:16.4627415Z,[15:13:45+0000] Using cached anyio-4.12.1-py3-none-any.whl (113 kB),,0
	2026-01-08T15:14:16.4740850Z,[15:13:45+0000] Using cached cffi-2.0.0-cp312-cp312-manylinux2014_x86_64.manylinux_2_17_x86_64.whl (219 kB),,0
	2026-01-08T15:14:16.4928300Z,[15:13:45+0000] Using cached six-1.17.0-py2.py3-none-any.whl (11 kB),,0
	2026-01-08T15:14:16.5345382Z,[15:13:45+0000] Using cached pycparser-2.23-py3-none-any.whl (118 kB),,0
	2026-01-08T15:14:16.5433029Z,[15:13:47+0000] Installing collected packages: pymssql&comma; passlib&comma; websockets&comma; uvloop&comma; typing-extensions&comma; six&comma; pyyaml&comma; python-multipart&comma; python-dotenv&comma; pycparser&comma; pyasn1&comma; packaging&comma; idna&comma; httptools&comma; h11&comma; greenlet&comma; dnspython&comma; click&comma; bcrypt&comma; annotated-types&comma; uvicorn&comma; sqlalchemy&comma; rsa&comma; pydantic-core&comma; gunicorn&comma; email-validator&comma; ecdsa&comma; cffi&comma; anyio&comma; watchfiles&comma; starlette&comma; python-jose&comma; pydantic&comma; cryptography&comma; pydantic-settings&comma; fastapi,,0
	2026-01-08T15:14:16.5529563Z,[15:14:12+0000] Successfully installed annotated-types-0.7.0 anyio-4.12.1 bcrypt-4.2.1 cffi-2.0.0 click-8.3.1 cryptography-46.0.3 dnspython-2.8.0 ecdsa-0.19.1 email-validator-2.2.0 fastapi-0.115.6 greenlet-3.3.0 gunicorn-23.0.0 h11-0.16.0 httptools-0.7.1 idna-3.11 packaging-25.0 passlib-1.7.4 pyasn1-0.6.1 pycparser-2.23 pydantic-2.10.4 pydantic-core-2.27.2 pydantic-settings-2.7.0 pymssql-2.3.2 python-dotenv-1.0.1 python-jose-3.3.0 python-multipart-0.0.20 pyyaml-6.0.3 rsa-4.9.1 six-1.17.0 sqlalchemy-2.0.36 starlette-0.41.3 typing-extensions-4.15.0 uvicorn-0.34.0 uvloop-0.22.1 watchfiles-1.1.1 websockets-15.0.1,,0
	2026-01-08T15:14:16.5606308Z,,,0
	2026-01-08T15:14:16.5848233Z,[notice] A new release of pip is available: 25.0.1 -> 25.3,,0
	2026-01-08T15:14:16.6255951Z,[notice] To update&comma; run: pip install --upgrade pip,,0
	2026-01-08T15:14:16.6467237Z,Not a vso image&comma; so not writing build commands,,0
	2026-01-08T15:14:16.6660521Z,Preparing output...,,0
	2026-01-08T15:14:16.6940515Z,,,0
	2026-01-08T15:14:16.7254111Z,Copying files to destination directory '/tmp/_preCompressedDestinationDir'...,,0
	2026-01-08T15:14:20.3085771Z,Done in 7 sec(s).,,0
	2026-01-08T15:14:20.3568611Z,Compressing content of directory '/tmp/_preCompressedDestinationDir'...,,0
	2026-01-08T15:14:43.8453857Z,Copied the compressed output to '/home/site/wwwroot',,0
	2026-01-08T15:14:43.8800117Z,,,0
	2026-01-08T15:14:43.9057831Z,Removing existing manifest file,,0
	2026-01-08T15:14:43.9207405Z,Creating a manifest file...,,0
	2026-01-08T15:14:43.9384570Z,Manifest file created.,,0
	2026-01-08T15:14:43.9619426Z,Copying .ostype to manifest output directory.,,0
	2026-01-08T15:14:44.0319655Z,,,0
	2026-01-08T15:14:44.0704026Z,Done in 85 sec(s).,,0
2026-01-08T15:14:44.7531906Z,Running post deployment command(s)...,3240085c-9d5f-4c23-8b8a-db3f6c33e5d6,0
2026-01-08T15:14:44.8747947Z,,fe9e770d-330b-469a-9301-ec92b736a8da,0
2026-01-08T15:14:44.9900241Z,Generating summary of Oryx build,25de1c0e-f5d5-4b9c-b303-93e9ffb07256,0
2026-01-08T15:14:45.1711254Z,Parsing the build logs,d0061320-4108-40a2-8059-d74f5842e389,0
2026-01-08T15:14:45.3332299Z,Found 0 issue(s),5d027891-f457-4308-9bc5-41e2a7778f3e,0
2026-01-08T15:14:45.4496843Z,,ca64d779-8b08-4210-b605-b7eccb6cbc4d,0
2026-01-08T15:14:45.5808140Z,Build Summary :,b5f0726b-1806-4c57-a395-2d3cca2cd1e6,0
2026-01-08T15:14:45.6949626Z,===============,dc4a4008-27d7-4f6f-86e8-42fecdb3ff7d,0
2026-01-08T15:14:45.8166479Z,Errors (0),d7bc3b79-4b59-4444-8cf9-b47bbc070682,0
2026-01-08T15:14:45.9353789Z,Warnings (0),6f49f14c-6337-4ae0-a157-50004331bc58,0
2026-01-08T15:14:46.0460421Z,,cf753b2d-8a2f-42d5-addd-5b62fe18f3dd,0
2026-01-08T15:14:46.1922182Z,Triggering container recycle for OneDeploy by adding/updating restartTrigger.txt to the site root path,45fb4480-bc65-408e-a923-001853d39ddf,0
2026-01-08T15:14:46.3815073Z,Deployment successful. deployer = OneDeploy deploymentPath = OneDeploy,3335e0b0-13a9-4d1a-9594-859883229c0c,0
