2026-01-18T01:00:46.4864779Z,Updating submodules.,840419e3-7154-4057-aa7a-b1e79681558e,0
2026-01-18T01:00:47.6515158Z,Preparing deployment for commit id 'aebddfaa-3'.,f2c3c4dd-ac45-486f-a061-d69ad903c3a6,0
2026-01-18T01:00:48.0253675Z,PreDeployment: context.CleanOutputPath False,4bcabd35-39d4-4194-bef8-0e98e0f7be92,0
2026-01-18T01:00:48.2425411Z,PreDeployment: context.OutputPath /home/site/wwwroot,a9fcde92-0c2b-4ff6-923d-48e2dc68145d,0
2026-01-18T01:00:48.4687583Z,Repository path is /tmp/zipdeploy/extracted,bb126ad8-0f3d-4d52-9200-30076ebddfbd,0
2026-01-18T01:00:48.6231163Z,Running oryx build...,b7eafa00-f05b-4dbf-a611-29c428f43ec4,0
	2026-01-18T01:00:48.6352252Z,Command: oryx build /tmp/zipdeploy/extracted -o /home/site/wwwroot --platform python --platform-version 3.12 -p virtualenv_name=antenv --log-file /tmp/build-debug.log  -i /tmp/8de562d0444bd3b --compress-destination-dir | tee /tmp/oryx-build.log,,0
	2026-01-18T01:00:51.1167379Z,Operation performed by Microsoft Oryx&comma; https://github.com/Microsoft/Oryx,,0
	2026-01-18T01:00:51.2358730Z,You can report issues at https://github.com/Microsoft/Oryx/issues,,0
	2026-01-18T01:00:51.2765041Z,,,0
	2026-01-18T01:00:51.3455167Z,Oryx Version: 0.2.20251022.1+bef98bc7139feefaa74be16de9d835e2c85385d4&comma; Commit: bef98bc7139feefaa74be16de9d835e2c85385d4&comma; ReleaseTagName: 20251022.1,,0
	2026-01-18T01:00:51.3886309Z,,,0
	2026-01-18T01:00:51.4382148Z,Build Operation ID: 51354be5690b352d,,0
	2026-01-18T01:00:51.4760600Z,Repository Commit : aebddfaa-38ae-4726-966d-538f4454cd1f,,0
	2026-01-18T01:00:51.5089488Z,OS Type           : bullseye,,0
	2026-01-18T01:00:51.5393765Z,Image Type        : githubactions,,0
	2026-01-18T01:00:51.5773503Z,,,0
	2026-01-18T01:00:51.6080700Z,Primary SDK Storage URL: https://oryx-cdn.microsoft.io,,0
	2026-01-18T01:00:51.6376335Z,Backup SDK Storage URL: ,,0
	2026-01-18T01:00:51.6713701Z,Detecting platforms...,,0
	2026-01-18T01:00:51.7184035Z,External SDK provider is enabled.,,0
	2026-01-18T01:00:51.7690545Z,Requesting metadata for platform python from external SDK provider,,0
	2026-01-18T01:00:54.2156985Z,Requesting metadata for platform python from external SDK provider,,0
	2026-01-18T01:00:55.7869767Z,Detected following platforms:,,0
	2026-01-18T01:00:55.8267850Z,  python: 3.12.12,,0
	2026-01-18T01:00:56.3509783Z,,,0
	2026-01-18T01:00:56.4499782Z,Using intermediate directory '/tmp/8de562d0444bd3b'.,,0
	2026-01-18T01:00:56.5504837Z,,,0
	2026-01-18T01:00:56.6116367Z,Copying files to the intermediate directory...,,0
	2026-01-18T01:00:56.7242617Z,Done in 0 sec(s).,,0
	2026-01-18T01:00:56.8038465Z,,,0
	2026-01-18T01:00:56.8821055Z,Source directory     : /tmp/8de562d0444bd3b,,0
	2026-01-18T01:00:56.9141366Z,Destination directory: /home/site/wwwroot,,0
	2026-01-18T01:00:56.9932915Z,,,0
	2026-01-18T01:00:57.1351442Z,Python Version: /tmp/oryx/platforms/python/3.12.12/bin/python3.12,,0
	2026-01-18T01:00:57.1966613Z,Creating directory for command manifest file if it does not exist,,0
	2026-01-18T01:00:57.2866846Z,Removing existing manifest file,,0
	2026-01-18T01:00:57.4174037Z,Python Virtual Environment: antenv,,0
	2026-01-18T01:00:57.4556210Z,Creating virtual environment...,,0
	2026-01-18T01:00:57.4863635Z,Executing: /tmp/oryx/platforms/python/3.12.12/bin/python3.12 -m venv antenv --copies --system-site-packages,,0
	2026-01-18T01:01:11.5766551Z,Activating virtual environment...,,0
	2026-01-18T01:01:11.6657658Z,Running pip install...,,0
	2026-01-18T01:01:52.1352586Z,[01:01:13+0000] Collecting fastapi==0.115.6 (from -r requirements.txt (line 2)),,0
	2026-01-18T01:01:52.2136803Z,[01:01:13+0000]   Using cached fastapi-0.115.6-py3-none-any.whl.metadata (27 kB),,0
	2026-01-18T01:01:52.2750508Z,[01:01:13+0000] Collecting uvicorn==0.34.0 (from uvicorn[standard]==0.34.0->-r requirements.txt (line 3)),,0
	2026-01-18T01:01:52.2883009Z,[01:01:13+0000]   Using cached uvicorn-0.34.0-py3-none-any.whl.metadata (6.5 kB),,0
	2026-01-18T01:01:52.3262995Z,[01:01:13+0000] Collecting gunicorn==23.0.0 (from -r requirements.txt (line 4)),,0
	2026-01-18T01:01:52.3769857Z,[01:01:13+0000]   Using cached gunicorn-23.0.0-py3-none-any.whl.metadata (4.4 kB),,0
	2026-01-18T01:01:52.4256941Z,[01:01:13+0000] Collecting python-multipart==0.0.20 (from -r requirements.txt (line 5)),,0
	2026-01-18T01:01:52.4662599Z,[01:01:13+0000]   Using cached python_multipart-0.0.20-py3-none-any.whl.metadata (1.8 kB),,0
	2026-01-18T01:01:52.4974370Z,[01:01:14+0000] Collecting sqlalchemy==2.0.36 (from -r requirements.txt (line 8)),,0
	2026-01-18T01:01:52.5291856Z,[01:01:14+0000]   Using cached SQLAlchemy-2.0.36-cp312-cp312-manylinux_2_17_x86_64.manylinux2014_x86_64.whl.metadata (9.7 kB),,0
	2026-01-18T01:01:52.5662217Z,[01:01:15+0000] Collecting pymssql==2.3.2 (from -r requirements.txt (line 9)),,0
	2026-01-18T01:01:52.6377225Z,[01:01:15+0000]   Using cached pymssql-2.3.2-cp312-cp312-manylinux_2_28_x86_64.whl.metadata (4.7 kB),,0
	2026-01-18T01:01:52.6687486Z,[01:01:15+0000] Collecting python-jose==3.3.0 (from python-jose[cryptography]==3.3.0->-r requirements.txt (line 12)),,0
	2026-01-18T01:01:52.6986308Z,[01:01:15+0000]   Using cached python_jose-3.3.0-py2.py3-none-any.whl.metadata (5.4 kB),,0
	2026-01-18T01:01:52.7374563Z,[01:01:15+0000] Collecting passlib==1.7.4 (from passlib[bcrypt]==1.7.4->-r requirements.txt (line 13)),,0
	2026-01-18T01:01:52.7760230Z,[01:01:15+0000]   Using cached passlib-1.7.4-py2.py3-none-any.whl.metadata (1.7 kB),,0
	2026-01-18T01:01:52.8073759Z,[01:01:15+0000] Collecting bcrypt==4.2.1 (from -r requirements.txt (line 14)),,0
	2026-01-18T01:01:52.8368440Z,[01:01:15+0000]   Using cached bcrypt-4.2.1-cp39-abi3-manylinux_2_28_x86_64.whl.metadata (9.8 kB),,0
	2026-01-18T01:01:52.8668276Z,[01:01:16+0000] Collecting pydantic==2.10.4 (from -r requirements.txt (line 17)),,0
	2026-01-18T01:01:52.8905411Z,[01:01:16+0000]   Using cached pydantic-2.10.4-py3-none-any.whl.metadata (29 kB),,0
	2026-01-18T01:01:52.9224019Z,[01:01:16+0000] Collecting pydantic-settings==2.7.0 (from -r requirements.txt (line 18)),,0
	2026-01-18T01:01:52.9577032Z,[01:01:16+0000]   Using cached pydantic_settings-2.7.0-py3-none-any.whl.metadata (3.5 kB),,0
	2026-01-18T01:01:53.0075588Z,[01:01:16+0000] Collecting email-validator==2.2.0 (from -r requirements.txt (line 19)),,0
	2026-01-18T01:01:53.0375214Z,[01:01:16+0000]   Using cached email_validator-2.2.0-py3-none-any.whl.metadata (25 kB),,0
	2026-01-18T01:01:53.0676424Z,[01:01:16+0000] Collecting python-dotenv==1.0.1 (from -r requirements.txt (line 22)),,0
	2026-01-18T01:01:53.0959442Z,[01:01:16+0000]   Using cached python_dotenv-1.0.1-py3-none-any.whl.metadata (23 kB),,0
	2026-01-18T01:01:53.1472540Z,[01:01:16+0000] Collecting starlette<0.42.0&comma;>=0.40.0 (from fastapi==0.115.6->-r requirements.txt (line 2)),,0
	2026-01-18T01:01:53.1870707Z,[01:01:16+0000]   Using cached starlette-0.41.3-py3-none-any.whl.metadata (6.0 kB),,0
	2026-01-18T01:01:53.2163557Z,[01:01:17+0000] Collecting typing-extensions>=4.8.0 (from fastapi==0.115.6->-r requirements.txt (line 2)),,0
	2026-01-18T01:01:53.2582478Z,[01:01:17+0000]   Using cached typing_extensions-4.15.0-py3-none-any.whl.metadata (3.3 kB),,0
	2026-01-18T01:01:53.2958704Z,[01:01:17+0000] Collecting click>=7.0 (from uvicorn==0.34.0->uvicorn[standard]==0.34.0->-r requirements.txt (line 3)),,0
	2026-01-18T01:01:53.3475645Z,[01:01:17+0000]   Using cached click-8.3.1-py3-none-any.whl.metadata (2.6 kB),,0
	2026-01-18T01:01:53.3877469Z,[01:01:17+0000] Collecting h11>=0.8 (from uvicorn==0.34.0->uvicorn[standard]==0.34.0->-r requirements.txt (line 3)),,0
	2026-01-18T01:01:53.4116506Z,[01:01:17+0000]   Using cached h11-0.16.0-py3-none-any.whl.metadata (8.3 kB),,0
	2026-01-18T01:01:53.4380581Z,[01:01:17+0000] Collecting packaging (from gunicorn==23.0.0->-r requirements.txt (line 4)),,0
	2026-01-18T01:01:53.4793966Z,[01:01:17+0000]   Using cached packaging-25.0-py3-none-any.whl.metadata (3.3 kB),,0
	2026-01-18T01:01:53.5080250Z,[01:01:17+0000] Collecting greenlet!=0.4.17 (from sqlalchemy==2.0.36->-r requirements.txt (line 8)),,0
	2026-01-18T01:01:53.5402102Z,[01:01:17+0000]   Using cached greenlet-3.3.0-cp312-cp312-manylinux_2_24_x86_64.manylinux_2_28_x86_64.whl.metadata (4.1 kB),,0
	2026-01-18T01:01:53.5698737Z,[01:01:18+0000] Collecting ecdsa!=0.15 (from python-jose==3.3.0->python-jose[cryptography]==3.3.0->-r requirements.txt (line 12)),,0
	2026-01-18T01:01:53.6080285Z,[01:01:18+0000]   Using cached ecdsa-0.19.1-py2.py3-none-any.whl.metadata (29 kB),,0
	2026-01-18T01:01:53.6585365Z,[01:01:18+0000] Collecting rsa (from python-jose==3.3.0->python-jose[cryptography]==3.3.0->-r requirements.txt (line 12)),,0
	2026-01-18T01:01:53.6784225Z,[01:01:18+0000]   Using cached rsa-4.9.1-py3-none-any.whl.metadata (5.6 kB),,0
	2026-01-18T01:01:53.7079562Z,[01:01:18+0000] Collecting pyasn1 (from python-jose==3.3.0->python-jose[cryptography]==3.3.0->-r requirements.txt (line 12)),,0
	2026-01-18T01:01:53.7456094Z,[01:01:18+0000]   Using cached pyasn1-0.6.2-py3-none-any.whl.metadata (8.4 kB),,0
	2026-01-18T01:01:53.8032978Z,[01:01:18+0000] Collecting annotated-types>=0.6.0 (from pydantic==2.10.4->-r requirements.txt (line 17)),,0
	2026-01-18T01:01:53.8460433Z,[01:01:18+0000]   Using cached annotated_types-0.7.0-py3-none-any.whl.metadata (15 kB),,0
	2026-01-18T01:01:53.9152653Z,[01:01:21+0000] Collecting pydantic-core==2.27.2 (from pydantic==2.10.4->-r requirements.txt (line 17)),,0
	2026-01-18T01:01:53.9661804Z,[01:01:21+0000]   Using cached pydantic_core-2.27.2-cp312-cp312-manylinux_2_17_x86_64.manylinux2014_x86_64.whl.metadata (6.6 kB),,0
	2026-01-18T01:01:54.0047125Z,[01:01:22+0000] Collecting dnspython>=2.0.0 (from email-validator==2.2.0->-r requirements.txt (line 19)),,0
	2026-01-18T01:01:54.0933530Z,[01:01:22+0000]   Using cached dnspython-2.8.0-py3-none-any.whl.metadata (5.7 kB),,0
	2026-01-18T01:01:54.1625009Z,[01:01:22+0000] Collecting idna>=2.0.0 (from email-validator==2.2.0->-r requirements.txt (line 19)),,0
	2026-01-18T01:01:54.2755467Z,[01:01:22+0000]   Using cached idna-3.11-py3-none-any.whl.metadata (8.4 kB),,0
	2026-01-18T01:01:54.3539417Z,[01:01:23+0000] Collecting cryptography>=3.4.0 (from python-jose[cryptography]==3.3.0->-r requirements.txt (line 12)),,0
	2026-01-18T01:01:54.4058433Z,[01:01:23+0000]   Using cached cryptography-46.0.3-cp311-abi3-manylinux_2_28_x86_64.whl.metadata (5.7 kB),,0
	2026-01-18T01:01:54.4751318Z,[01:01:23+0000] Collecting httptools>=0.6.3 (from uvicorn[standard]==0.34.0->-r requirements.txt (line 3)),,0
	2026-01-18T01:01:54.5459860Z,[01:01:23+0000]   Using cached httptools-0.7.1-cp312-cp312-manylinux1_x86_64.manylinux_2_28_x86_64.manylinux_2_5_x86_64.whl.metadata (3.5 kB),,0
	2026-01-18T01:01:54.5867843Z,[01:01:24+0000] Collecting pyyaml>=5.1 (from uvicorn[standard]==0.34.0->-r requirements.txt (line 3)),,0
	2026-01-18T01:01:54.6352820Z,[01:01:24+0000]   Using cached pyyaml-6.0.3-cp312-cp312-manylinux2014_x86_64.manylinux_2_17_x86_64.manylinux_2_28_x86_64.whl.metadata (2.4 kB),,0
	2026-01-18T01:01:54.6882402Z,[01:01:24+0000] Collecting uvloop!=0.15.0&comma;!=0.15.1&comma;>=0.14.0 (from uvicorn[standard]==0.34.0->-r requirements.txt (line 3)),,0
	2026-01-18T01:01:54.7462967Z,[01:01:24+0000]   Using cached uvloop-0.22.1-cp312-cp312-manylinux2014_x86_64.manylinux_2_17_x86_64.manylinux_2_28_x86_64.whl.metadata (4.9 kB),,0
	2026-01-18T01:01:54.7971710Z,[01:01:25+0000] Collecting watchfiles>=0.13 (from uvicorn[standard]==0.34.0->-r requirements.txt (line 3)),,0
	2026-01-18T01:01:54.8380462Z,[01:01:25+0000]   Using cached watchfiles-1.1.1-cp312-cp312-manylinux_2_17_x86_64.manylinux2014_x86_64.whl.metadata (4.9 kB),,0
	2026-01-18T01:01:54.9094913Z,[01:01:25+0000] Collecting websockets>=10.4 (from uvicorn[standard]==0.34.0->-r requirements.txt (line 3)),,0
	2026-01-18T01:01:55.0584486Z,[01:01:25+0000]   Using cached websockets-16.0-cp312-cp312-manylinux1_x86_64.manylinux_2_28_x86_64.manylinux_2_5_x86_64.whl.metadata (6.8 kB),,0
	2026-01-18T01:01:55.1077550Z,[01:01:25+0000] Collecting cffi>=2.0.0 (from cryptography>=3.4.0->python-jose[cryptography]==3.3.0->-r requirements.txt (line 12)),,0
	2026-01-18T01:01:55.1596024Z,[01:01:25+0000]   Using cached cffi-2.0.0-cp312-cp312-manylinux2014_x86_64.manylinux_2_17_x86_64.whl.metadata (2.6 kB),,0
	2026-01-18T01:01:55.2205826Z,[01:01:26+0000] Collecting six>=1.9.0 (from ecdsa!=0.15->python-jose==3.3.0->python-jose[cryptography]==3.3.0->-r requirements.txt (line 12)),,0
	2026-01-18T01:01:55.2998724Z,[01:01:26+0000]   Using cached six-1.17.0-py2.py3-none-any.whl.metadata (1.7 kB),,0
	2026-01-18T01:01:55.3437482Z,[01:01:26+0000] Collecting anyio<5&comma;>=3.4.0 (from starlette<0.42.0&comma;>=0.40.0->fastapi==0.115.6->-r requirements.txt (line 2)),,0
	2026-01-18T01:01:55.3820984Z,[01:01:26+0000]   Using cached anyio-4.12.1-py3-none-any.whl.metadata (4.3 kB),,0
	2026-01-18T01:01:55.4209460Z,[01:01:26+0000] Collecting pycparser (from cffi>=2.0.0->cryptography>=3.4.0->python-jose[cryptography]==3.3.0->-r requirements.txt (line 12)),,0
	2026-01-18T01:01:55.4419812Z,[01:01:26+0000]   Using cached pycparser-2.23-py3-none-any.whl.metadata (993 bytes),,0
	2026-01-18T01:01:55.4825207Z,[01:01:26+0000] Using cached fastapi-0.115.6-py3-none-any.whl (94 kB),,0
	2026-01-18T01:01:55.5117632Z,[01:01:26+0000] Using cached uvicorn-0.34.0-py3-none-any.whl (62 kB),,0
	2026-01-18T01:01:55.5604881Z,[01:01:26+0000] Using cached gunicorn-23.0.0-py3-none-any.whl (85 kB),,0
	2026-01-18T01:01:55.5827755Z,[01:01:26+0000] Using cached python_multipart-0.0.20-py3-none-any.whl (24 kB),,0
	2026-01-18T01:01:55.6236114Z,[01:01:26+0000] Using cached SQLAlchemy-2.0.36-cp312-cp312-manylinux_2_17_x86_64.manylinux2014_x86_64.whl (3.2 MB),,0
	2026-01-18T01:01:55.6817238Z,[01:01:26+0000] Using cached pymssql-2.3.2-cp312-cp312-manylinux_2_28_x86_64.whl (4.7 MB),,0
	2026-01-18T01:01:55.7247202Z,[01:01:26+0000] Using cached python_jose-3.3.0-py2.py3-none-any.whl (33 kB),,0
	2026-01-18T01:01:55.7837945Z,[01:01:26+0000] Using cached passlib-1.7.4-py2.py3-none-any.whl (525 kB),,0
	2026-01-18T01:01:55.8121752Z,[01:01:26+0000] Using cached bcrypt-4.2.1-cp39-abi3-manylinux_2_28_x86_64.whl (278 kB),,0
	2026-01-18T01:01:55.8519398Z,[01:01:26+0000] Using cached pydantic-2.10.4-py3-none-any.whl (431 kB),,0
	2026-01-18T01:01:55.8761431Z,[01:01:26+0000] Using cached pydantic_settings-2.7.0-py3-none-any.whl (29 kB),,0
	2026-01-18T01:01:55.8971809Z,[01:01:26+0000] Using cached email_validator-2.2.0-py3-none-any.whl (33 kB),,0
	2026-01-18T01:01:55.9428033Z,[01:01:26+0000] Using cached python_dotenv-1.0.1-py3-none-any.whl (19 kB),,0
	2026-01-18T01:01:55.9827773Z,[01:01:26+0000] Using cached pydantic_core-2.27.2-cp312-cp312-manylinux_2_17_x86_64.manylinux2014_x86_64.whl (2.0 MB),,0
	2026-01-18T01:01:56.0148572Z,[01:01:26+0000] Using cached annotated_types-0.7.0-py3-none-any.whl (13 kB),,0
	2026-01-18T01:01:56.0632025Z,[01:01:26+0000] Using cached click-8.3.1-py3-none-any.whl (108 kB),,0
	2026-01-18T01:01:56.1007915Z,[01:01:26+0000] Using cached cryptography-46.0.3-cp311-abi3-manylinux_2_28_x86_64.whl (4.5 MB),,0
	2026-01-18T01:01:56.1412184Z,[01:01:26+0000] Using cached dnspython-2.8.0-py3-none-any.whl (331 kB),,0
	2026-01-18T01:01:56.1724729Z,[01:01:26+0000] Using cached ecdsa-0.19.1-py2.py3-none-any.whl (150 kB),,0
	2026-01-18T01:01:56.2115270Z,[01:01:26+0000] Using cached greenlet-3.3.0-cp312-cp312-manylinux_2_24_x86_64.manylinux_2_28_x86_64.whl (609 kB),,0
	2026-01-18T01:01:56.2831838Z,[01:01:26+0000] Using cached h11-0.16.0-py3-none-any.whl (37 kB),,0
	2026-01-18T01:01:56.3926331Z,[01:01:26+0000] Using cached httptools-0.7.1-cp312-cp312-manylinux1_x86_64.manylinux_2_28_x86_64.manylinux_2_5_x86_64.whl (517 kB),,0
	2026-01-18T01:01:56.4237437Z,[01:01:26+0000] Using cached idna-3.11-py3-none-any.whl (71 kB),,0
	2026-01-18T01:01:56.4651052Z,[01:01:26+0000] Using cached pyyaml-6.0.3-cp312-cp312-manylinux2014_x86_64.manylinux_2_17_x86_64.manylinux_2_28_x86_64.whl (807 kB),,0
	2026-01-18T01:01:56.5328069Z,[01:01:26+0000] Using cached starlette-0.41.3-py3-none-any.whl (73 kB),,0
	2026-01-18T01:01:56.5927667Z,[01:01:26+0000] Using cached typing_extensions-4.15.0-py3-none-any.whl (44 kB),,0
	2026-01-18T01:01:56.6551849Z,[01:01:26+0000] Using cached uvloop-0.22.1-cp312-cp312-manylinux2014_x86_64.manylinux_2_17_x86_64.manylinux_2_28_x86_64.whl (4.4 MB),,0
	2026-01-18T01:01:56.7237398Z,[01:01:26+0000] Using cached watchfiles-1.1.1-cp312-cp312-manylinux_2_17_x86_64.manylinux2014_x86_64.whl (456 kB),,0
	2026-01-18T01:01:56.7633633Z,[01:01:26+0000] Using cached websockets-16.0-cp312-cp312-manylinux1_x86_64.manylinux_2_28_x86_64.manylinux_2_5_x86_64.whl (184 kB),,0
	2026-01-18T01:01:56.8556043Z,[01:01:26+0000] Using cached packaging-25.0-py3-none-any.whl (66 kB),,0
	2026-01-18T01:01:56.8943551Z,[01:01:26+0000] Using cached pyasn1-0.6.2-py3-none-any.whl (83 kB),,0
	2026-01-18T01:01:56.9343549Z,[01:01:26+0000] Using cached rsa-4.9.1-py3-none-any.whl (34 kB),,0
	2026-01-18T01:01:56.9647841Z,[01:01:26+0000] Using cached anyio-4.12.1-py3-none-any.whl (113 kB),,0
	2026-01-18T01:01:57.0079264Z,[01:01:26+0000] Using cached cffi-2.0.0-cp312-cp312-manylinux2014_x86_64.manylinux_2_17_x86_64.whl (219 kB),,0
	2026-01-18T01:01:57.0657736Z,[01:01:26+0000] Using cached six-1.17.0-py2.py3-none-any.whl (11 kB),,0
	2026-01-18T01:01:57.1153164Z,[01:01:26+0000] Using cached pycparser-2.23-py3-none-any.whl (118 kB),,0
	2026-01-18T01:01:57.1569051Z,[01:01:27+0000] Installing collected packages: pymssql&comma; passlib&comma; websockets&comma; uvloop&comma; typing-extensions&comma; six&comma; pyyaml&comma; python-multipart&comma; python-dotenv&comma; pycparser&comma; pyasn1&comma; packaging&comma; idna&comma; httptools&comma; h11&comma; greenlet&comma; dnspython&comma; click&comma; bcrypt&comma; annotated-types&comma; uvicorn&comma; sqlalchemy&comma; rsa&comma; pydantic-core&comma; gunicorn&comma; email-validator&comma; ecdsa&comma; cffi&comma; anyio&comma; watchfiles&comma; starlette&comma; python-jose&comma; pydantic&comma; cryptography&comma; pydantic-settings&comma; fastapi,,0
	2026-01-18T01:01:57.2056310Z,[01:01:50+0000] Successfully installed annotated-types-0.7.0 anyio-4.12.1 bcrypt-4.2.1 cffi-2.0.0 click-8.3.1 cryptography-46.0.3 dnspython-2.8.0 ecdsa-0.19.1 email-validator-2.2.0 fastapi-0.115.6 greenlet-3.3.0 gunicorn-23.0.0 h11-0.16.0 httptools-0.7.1 idna-3.11 packaging-25.0 passlib-1.7.4 pyasn1-0.6.2 pycparser-2.23 pydantic-2.10.4 pydantic-core-2.27.2 pydantic-settings-2.7.0 pymssql-2.3.2 python-dotenv-1.0.1 python-jose-3.3.0 python-multipart-0.0.20 pyyaml-6.0.3 rsa-4.9.1 six-1.17.0 sqlalchemy-2.0.36 starlette-0.41.3 typing-extensions-4.15.0 uvicorn-0.34.0 uvloop-0.22.1 watchfiles-1.1.1 websockets-16.0,,0
	2026-01-18T01:01:57.2833750Z,,,0
	2026-01-18T01:01:57.3882209Z,[notice] A new release of pip is available: 25.0.1 -> 25.3,,0
	2026-01-18T01:01:57.4469022Z,[notice] To update&comma; run: pip install --upgrade pip,,0
	2026-01-18T01:01:57.4973802Z,Not a vso image&comma; so not writing build commands,,0
	2026-01-18T01:01:57.5398859Z,Preparing output...,,0
	2026-01-18T01:01:57.5881993Z,,,0
	2026-01-18T01:01:57.6214179Z,Copying files to destination directory '/tmp/_preCompressedDestinationDir'...,,0
	2026-01-18T01:02:00.4294727Z,Done in 7 sec(s).,,0
	2026-01-18T01:02:00.4609455Z,Compressing content of directory '/tmp/_preCompressedDestinationDir'...,,0
	2026-01-18T01:02:43.7453955Z,Copied the compressed output to '/home/site/wwwroot',,0
	2026-01-18T01:02:43.7769827Z,,,0
	2026-01-18T01:02:43.8137329Z,Removing existing manifest file,,0
	2026-01-18T01:02:43.8325414Z,Creating a manifest file...,,0
	2026-01-18T01:02:43.8641568Z,Manifest file created.,,0
	2026-01-18T01:02:43.8933657Z,Copying .ostype to manifest output directory.,,0
	2026-01-18T01:02:43.9295085Z,,,0
	2026-01-18T01:02:43.9587811Z,Done in 107 sec(s).,,0
2026-01-18T01:02:44.8745654Z,Running post deployment command(s)...,c8268304-bd5a-48d9-823e-5dd83729ff37,0
2026-01-18T01:02:45.0769234Z,,2a14dffa-c585-4abf-bddc-e43e0ac19f39,0
2026-01-18T01:02:45.2011635Z,Generating summary of Oryx build,bf8495ee-dab2-44a1-b49a-bf1a8f7fe681,0
2026-01-18T01:02:45.3524971Z,Parsing the build logs,fcff6d7d-170b-4f47-80b4-c825b093b923,0
2026-01-18T01:02:45.5179281Z,Found 0 issue(s),e8dc917a-df68-4e57-95f5-cb50d901413a,0
2026-01-18T01:02:45.6644121Z,,92f41f35-9158-451c-ab03-a04a9a914281,0
2026-01-18T01:02:45.7924898Z,Build Summary :,323ded0c-e3dd-4f63-9596-15ceb2b36636,0
2026-01-18T01:02:45.9559142Z,===============,60c01b59-0581-4697-ac4b-2fd172526795,0
2026-01-18T01:02:46.0896181Z,Errors (0),51e1f095-c58d-4287-96fa-be834e0ffc1a,0
2026-01-18T01:02:46.2063361Z,Warnings (0),b460ced6-7537-42fb-a21b-481fad942dcc,0
2026-01-18T01:02:46.3409770Z,,d6080026-ec53-482c-97c4-44ce491269a4,0
2026-01-18T01:02:46.5225794Z,Triggering container recycle for OneDeploy by adding/updating restartTrigger.txt to the site root path,ba95ccaa-e87d-488f-a65e-084db037837c,0
2026-01-18T01:02:46.7409125Z,Deployment successful. deployer = OneDeploy deploymentPath = OneDeploy,f08bd298-4f40-4a34-a52a-753b2b80362c,0
